Determining if the pthread_create exist failed with the following output:
Change Dir: /hepustc/home/hengli/testarea/AnpProd21/build/CMakeFiles/CMakeTmp

Run Build Command:"/usr/bin/gmake" "cmTC_062d6/fast"
/usr/bin/gmake -f CMakeFiles/cmTC_062d6.dir/build.make CMakeFiles/cmTC_062d6.dir/build
gmake[1]: Entering directory `/hepustc/home/hengli/testarea/AnpProd21/build/CMakeFiles/CMakeTmp'
Building C object CMakeFiles/cmTC_062d6.dir/CheckSymbolExists.c.o
/cvmfs/sft.cern.ch/lcg/releases/gcc/6.2.0-b9934/x86_64-slc6/bin/gcc    -o CMakeFiles/cmTC_062d6.dir/CheckSymbolExists.c.o   -c /hepustc/home/hengli/testarea/AnpProd21/build/CMakeFiles/CMakeTmp/CheckSymbolExists.c
Linking C executable cmTC_062d6
/cvmfs/atlas.cern.ch/repo/ATLASLocalRootBase/x86_64/Cmake/3.11.0/Linux-x86_64/bin/cmake -E cmake_link_script CMakeFiles/cmTC_062d6.dir/link.txt --verbose=1
/cvmfs/sft.cern.ch/lcg/releases/gcc/6.2.0-b9934/x86_64-slc6/bin/gcc     -Wl,--as-needed -Wl,--hash-style=both  CMakeFiles/cmTC_062d6.dir/CheckSymbolExists.c.o  -o cmTC_062d6 
CMakeFiles/cmTC_062d6.dir/CheckSymbolExists.c.o: In function `main':
CheckSymbolExists.c:(.text+0x16): undefined reference to `pthread_create'
collect2: error: ld returned 1 exit status
gmake[1]: *** [cmTC_062d6] Error 1
gmake[1]: Leaving directory `/hepustc/home/hengli/testarea/AnpProd21/build/CMakeFiles/CMakeTmp'
gmake: *** [cmTC_062d6/fast] Error 2

File /hepustc/home/hengli/testarea/AnpProd21/build/CMakeFiles/CMakeTmp/CheckSymbolExists.c:
/* */
#include <pthread.h>

int main(int argc, char** argv)
{
  (void)argv;
#ifndef pthread_create
  return ((int*)(&pthread_create))[argc];
#else
  (void)argc;
  return 0;
#endif
}

