Determining if the pthread_create exist failed with the following output:
Change Dir: /hepustc/home/hengli/testarea/AnpWH/build/CMakeFiles/CMakeTmp

Run Build Command:"/usr/bin/gmake" "cmTC_a9f8a/fast"
/usr/bin/gmake -f CMakeFiles/cmTC_a9f8a.dir/build.make CMakeFiles/cmTC_a9f8a.dir/build
gmake[1]: Entering directory `/hepustc/home/hengli/testarea/AnpWH/build/CMakeFiles/CMakeTmp'
Building C object CMakeFiles/cmTC_a9f8a.dir/CheckSymbolExists.c.o
/cvmfs/sft.cern.ch/lcg/releases/gcc/6.2.0-2bc78/x86_64-slc6-gcc62-opt/bin/gcc    -o CMakeFiles/cmTC_a9f8a.dir/CheckSymbolExists.c.o   -c /hepustc/home/hengli/testarea/AnpWH/build/CMakeFiles/CMakeTmp/CheckSymbolExists.c
Linking C executable cmTC_a9f8a
/cvmfs/atlas.cern.ch/repo/ATLASLocalRootBase/x86_64/Cmake/3.11.0/Linux-x86_64/bin/cmake -E cmake_link_script CMakeFiles/cmTC_a9f8a.dir/link.txt --verbose=1
/cvmfs/sft.cern.ch/lcg/releases/gcc/6.2.0-2bc78/x86_64-slc6-gcc62-opt/bin/gcc     -Wl,--as-needed -Wl,--hash-style=both  CMakeFiles/cmTC_a9f8a.dir/CheckSymbolExists.c.o  -o cmTC_a9f8a 
CMakeFiles/cmTC_a9f8a.dir/CheckSymbolExists.c.o: In function `main':
CheckSymbolExists.c:(.text+0x16): undefined reference to `pthread_create'
collect2: error: ld returned 1 exit status
gmake[1]: *** [cmTC_a9f8a] Error 1
gmake[1]: Leaving directory `/hepustc/home/hengli/testarea/AnpWH/build/CMakeFiles/CMakeTmp'
gmake: *** [cmTC_a9f8a/fast] Error 2

File /hepustc/home/hengli/testarea/AnpWH/build/CMakeFiles/CMakeTmp/CheckSymbolExists.c:
/* */
#include <pthread.h>

int main(int argc, char** argv)
{
  (void)argv;
#ifndef pthread_create
  return ((int*)(&pthread_create))[argc];
#else
  (void)argc;
  return 0;
#endif
}

