The system is: Linux - 2.6.32-696.1.1.el6.x86_64 - x86_64
Compiling the C compiler identification source file "CMakeCCompilerId.c" succeeded.
Compiler: /cvmfs/sft.cern.ch/lcg/releases/gcc/6.2.0-2bc78/x86_64-slc6-gcc62-opt/bin/gcc 
Build flags: 
Id flags:  

The output was:
0


Compilation of the C compiler identification source "CMakeCCompilerId.c" produced "a.out"

The C compiler identification is GNU, found in "/hepustc/home/hengli/testarea/AnpWH/build/CMakeFiles/3.11.0/CompilerIdC/a.out"

Compiling the CXX compiler identification source file "CMakeCXXCompilerId.cpp" succeeded.
Compiler: /cvmfs/sft.cern.ch/lcg/releases/gcc/6.2.0-2bc78/x86_64-slc6-gcc62-opt/bin/g++ 
Build flags: 
Id flags:  

The output was:
0


Compilation of the CXX compiler identification source "CMakeCXXCompilerId.cpp" produced "a.out"

The CXX compiler identification is GNU, found in "/hepustc/home/hengli/testarea/AnpWH/build/CMakeFiles/3.11.0/CompilerIdCXX/a.out"

Determining if the C compiler works passed with the following output:
Change Dir: /hepustc/home/hengli/testarea/AnpWH/build/CMakeFiles/CMakeTmp

Run Build Command:"/usr/bin/gmake" "cmTC_7faa4/fast"
/usr/bin/gmake -f CMakeFiles/cmTC_7faa4.dir/build.make CMakeFiles/cmTC_7faa4.dir/build
gmake[1]: Entering directory `/hepustc/home/hengli/testarea/AnpWH/build/CMakeFiles/CMakeTmp'
Building C object CMakeFiles/cmTC_7faa4.dir/testCCompiler.c.o
/cvmfs/sft.cern.ch/lcg/releases/gcc/6.2.0-2bc78/x86_64-slc6-gcc62-opt/bin/gcc    -o CMakeFiles/cmTC_7faa4.dir/testCCompiler.c.o   -c /hepustc/home/hengli/testarea/AnpWH/build/CMakeFiles/CMakeTmp/testCCompiler.c
Linking C executable cmTC_7faa4
/cvmfs/atlas.cern.ch/repo/ATLASLocalRootBase/x86_64/Cmake/3.11.0/Linux-x86_64/bin/cmake -E cmake_link_script CMakeFiles/cmTC_7faa4.dir/link.txt --verbose=1
/cvmfs/sft.cern.ch/lcg/releases/gcc/6.2.0-2bc78/x86_64-slc6-gcc62-opt/bin/gcc      -rdynamic CMakeFiles/cmTC_7faa4.dir/testCCompiler.c.o  -o cmTC_7faa4 
gmake[1]: Leaving directory `/hepustc/home/hengli/testarea/AnpWH/build/CMakeFiles/CMakeTmp'


Detecting C compiler ABI info compiled with the following output:
Change Dir: /hepustc/home/hengli/testarea/AnpWH/build/CMakeFiles/CMakeTmp

Run Build Command:"/usr/bin/gmake" "cmTC_61d94/fast"
/usr/bin/gmake -f CMakeFiles/cmTC_61d94.dir/build.make CMakeFiles/cmTC_61d94.dir/build
gmake[1]: Entering directory `/hepustc/home/hengli/testarea/AnpWH/build/CMakeFiles/CMakeTmp'
Building C object CMakeFiles/cmTC_61d94.dir/CMakeCCompilerABI.c.o
/cvmfs/sft.cern.ch/lcg/releases/gcc/6.2.0-2bc78/x86_64-slc6-gcc62-opt/bin/gcc    -o CMakeFiles/cmTC_61d94.dir/CMakeCCompilerABI.c.o   -c /cvmfs/atlas.cern.ch/repo/ATLASLocalRootBase/x86_64/Cmake/3.11.0/Linux-x86_64/share/cmake-3.11/Modules/CMakeCCompilerABI.c
Linking C executable cmTC_61d94
/cvmfs/atlas.cern.ch/repo/ATLASLocalRootBase/x86_64/Cmake/3.11.0/Linux-x86_64/bin/cmake -E cmake_link_script CMakeFiles/cmTC_61d94.dir/link.txt --verbose=1
/cvmfs/sft.cern.ch/lcg/releases/gcc/6.2.0-2bc78/x86_64-slc6-gcc62-opt/bin/gcc     -v -rdynamic CMakeFiles/cmTC_61d94.dir/CMakeCCompilerABI.c.o  -o cmTC_61d94 
Using built-in specs.
COLLECT_GCC=/cvmfs/sft.cern.ch/lcg/releases/gcc/6.2.0-2bc78/x86_64-slc6-gcc62-opt/bin/gcc
COLLECT_LTO_WRAPPER=/cvmfs/sft.cern.ch/lcg/releases/gcc/6.2.0-2bc78/x86_64-slc6-gcc62-opt/bin/../libexec/gcc/x86_64-pc-linux-gnu/6.2.0/lto-wrapper
Target: x86_64-pc-linux-gnu
Configured with: /mnt/build/jenkins/workspace/lcg_contrib_release/LABEL/slc6/build/contrib/gcc-6.2.0/src/gcc/6.2.0/configure --prefix=/build/jenkins/workspace/lcg_contrib_release/LABEL/slc6/install/gcc/6.2.0/x86_64-slc6-gcc62-opt -with-system-zlib --disable-multilib --enable-languages=all --with-gnu-ld --with-ld=/build/jenkins/workspace/lcg_contrib_release/LABEL/slc6/install/binutils/2.28/x86_64-slc6-gcc62-opt/bin/ld --with-gnu-as --with-as=/build/jenkins/workspace/lcg_contrib_release/LABEL/slc6/install/binutils/2.28/x86_64-slc6-gcc62-opt/bin/as
Thread model: posix
gcc version 6.2.0 (GCC) 
COMPILER_PATH=/cvmfs/sft.cern.ch/lcg/releases/gcc/6.2.0-2bc78/x86_64-slc6-gcc62-opt/bin/../libexec/gcc/x86_64-pc-linux-gnu/6.2.0/:/cvmfs/sft.cern.ch/lcg/releases/gcc/6.2.0-2bc78/x86_64-slc6-gcc62-opt/bin/../libexec/gcc/:/cvmfs/sft.cern.ch/lcg/releases/gcc/6.2.0-2bc78/x86_64-slc6-gcc62-opt/lib/gcc/x86_64-pc-linux-gnu/6.2.0/
LIBRARY_PATH=/cvmfs/sft.cern.ch/lcg/releases/gcc/6.2.0-2bc78/x86_64-slc6-gcc62-opt/bin/../lib/gcc/x86_64-pc-linux-gnu/6.2.0/:/cvmfs/sft.cern.ch/lcg/releases/gcc/6.2.0-2bc78/x86_64-slc6-gcc62-opt/bin/../lib/gcc/:/cvmfs/sft.cern.ch/lcg/releases/gcc/6.2.0-2bc78/x86_64-slc6-gcc62-opt/bin/../lib/gcc/x86_64-pc-linux-gnu/6.2.0/../../../../lib64/:/lib/../lib64/:/usr/lib/../lib64/:/cvmfs/sft.cern.ch/lcg/releases/gcc/6.2.0-2bc78/x86_64-slc6-gcc62-opt/bin/../lib/gcc/x86_64-pc-linux-gnu/6.2.0/../../../:/lib/:/usr/lib/
COLLECT_GCC_OPTIONS='-v' '-rdynamic' '-o' 'cmTC_61d94' '-mtune=generic' '-march=x86-64'
 /cvmfs/sft.cern.ch/lcg/releases/gcc/6.2.0-2bc78/x86_64-slc6-gcc62-opt/bin/../libexec/gcc/x86_64-pc-linux-gnu/6.2.0/collect2 -plugin /cvmfs/sft.cern.ch/lcg/releases/gcc/6.2.0-2bc78/x86_64-slc6-gcc62-opt/bin/../libexec/gcc/x86_64-pc-linux-gnu/6.2.0/liblto_plugin.so -plugin-opt=/cvmfs/sft.cern.ch/lcg/releases/gcc/6.2.0-2bc78/x86_64-slc6-gcc62-opt/bin/../libexec/gcc/x86_64-pc-linux-gnu/6.2.0/lto-wrapper -plugin-opt=-fresolution=/tmp/ccBQc0sD.res -plugin-opt=-pass-through=-lgcc -plugin-opt=-pass-through=-lgcc_s -plugin-opt=-pass-through=-lc -plugin-opt=-pass-through=-lgcc -plugin-opt=-pass-through=-lgcc_s --eh-frame-hdr -m elf_x86_64 -export-dynamic -dynamic-linker /lib64/ld-linux-x86-64.so.2 -o cmTC_61d94 /usr/lib/../lib64/crt1.o /usr/lib/../lib64/crti.o /cvmfs/sft.cern.ch/lcg/releases/gcc/6.2.0-2bc78/x86_64-slc6-gcc62-opt/bin/../lib/gcc/x86_64-pc-linux-gnu/6.2.0/crtbegin.o -L/cvmfs/sft.cern.ch/lcg/releases/gcc/6.2.0-2bc78/x86_64-slc6-gcc62-opt/bin/../lib/gcc/x86_64-pc-linux-gnu/6.2.0 -L/cvmfs/sft.cern.ch/lcg/releases/gcc/6.2.0-2bc78/x86_64-slc6-gcc62-opt/bin/../lib/gcc -L/cvmfs/sft.cern.ch/lcg/releases/gcc/6.2.0-2bc78/x86_64-slc6-gcc62-opt/bin/../lib/gcc/x86_64-pc-linux-gnu/6.2.0/../../../../lib64 -L/lib/../lib64 -L/usr/lib/../lib64 -L/cvmfs/sft.cern.ch/lcg/releases/gcc/6.2.0-2bc78/x86_64-slc6-gcc62-opt/bin/../lib/gcc/x86_64-pc-linux-gnu/6.2.0/../../.. CMakeFiles/cmTC_61d94.dir/CMakeCCompilerABI.c.o -lgcc --as-needed -lgcc_s --no-as-needed -lc -lgcc --as-needed -lgcc_s --no-as-needed /cvmfs/sft.cern.ch/lcg/releases/gcc/6.2.0-2bc78/x86_64-slc6-gcc62-opt/bin/../lib/gcc/x86_64-pc-linux-gnu/6.2.0/crtend.o /usr/lib/../lib64/crtn.o
COLLECT_GCC_OPTIONS='-v' '-rdynamic' '-o' 'cmTC_61d94' '-mtune=generic' '-march=x86-64'
gmake[1]: Leaving directory `/hepustc/home/hengli/testarea/AnpWH/build/CMakeFiles/CMakeTmp'


Parsed C implicit link information from above output:
  link line regex: [^( *|.*[/\])(ld|CMAKE_LINK_STARTFILE-NOTFOUND|([^/\]+-)?ld|collect2)[^/\]*( |$)]
  ignore line: [Change Dir: /hepustc/home/hengli/testarea/AnpWH/build/CMakeFiles/CMakeTmp]
  ignore line: []
  ignore line: [Run Build Command:"/usr/bin/gmake" "cmTC_61d94/fast"]
  ignore line: [/usr/bin/gmake -f CMakeFiles/cmTC_61d94.dir/build.make CMakeFiles/cmTC_61d94.dir/build]
  ignore line: [gmake[1]: Entering directory `/hepustc/home/hengli/testarea/AnpWH/build/CMakeFiles/CMakeTmp']
  ignore line: [Building C object CMakeFiles/cmTC_61d94.dir/CMakeCCompilerABI.c.o]
  ignore line: [/cvmfs/sft.cern.ch/lcg/releases/gcc/6.2.0-2bc78/x86_64-slc6-gcc62-opt/bin/gcc    -o CMakeFiles/cmTC_61d94.dir/CMakeCCompilerABI.c.o   -c /cvmfs/atlas.cern.ch/repo/ATLASLocalRootBase/x86_64/Cmake/3.11.0/Linux-x86_64/share/cmake-3.11/Modules/CMakeCCompilerABI.c]
  ignore line: [Linking C executable cmTC_61d94]
  ignore line: [/cvmfs/atlas.cern.ch/repo/ATLASLocalRootBase/x86_64/Cmake/3.11.0/Linux-x86_64/bin/cmake -E cmake_link_script CMakeFiles/cmTC_61d94.dir/link.txt --verbose=1]
  ignore line: [/cvmfs/sft.cern.ch/lcg/releases/gcc/6.2.0-2bc78/x86_64-slc6-gcc62-opt/bin/gcc     -v -rdynamic CMakeFiles/cmTC_61d94.dir/CMakeCCompilerABI.c.o  -o cmTC_61d94 ]
  ignore line: [Using built-in specs.]
  ignore line: [COLLECT_GCC=/cvmfs/sft.cern.ch/lcg/releases/gcc/6.2.0-2bc78/x86_64-slc6-gcc62-opt/bin/gcc]
  ignore line: [COLLECT_LTO_WRAPPER=/cvmfs/sft.cern.ch/lcg/releases/gcc/6.2.0-2bc78/x86_64-slc6-gcc62-opt/bin/../libexec/gcc/x86_64-pc-linux-gnu/6.2.0/lto-wrapper]
  ignore line: [Target: x86_64-pc-linux-gnu]
  ignore line: [Configured with: /mnt/build/jenkins/workspace/lcg_contrib_release/LABEL/slc6/build/contrib/gcc-6.2.0/src/gcc/6.2.0/configure --prefix=/build/jenkins/workspace/lcg_contrib_release/LABEL/slc6/install/gcc/6.2.0/x86_64-slc6-gcc62-opt -with-system-zlib --disable-multilib --enable-languages=all --with-gnu-ld --with-ld=/build/jenkins/workspace/lcg_contrib_release/LABEL/slc6/install/binutils/2.28/x86_64-slc6-gcc62-opt/bin/ld --with-gnu-as --with-as=/build/jenkins/workspace/lcg_contrib_release/LABEL/slc6/install/binutils/2.28/x86_64-slc6-gcc62-opt/bin/as]
  ignore line: [Thread model: posix]
  ignore line: [gcc version 6.2.0 (GCC) ]
  ignore line: [COMPILER_PATH=/cvmfs/sft.cern.ch/lcg/releases/gcc/6.2.0-2bc78/x86_64-slc6-gcc62-opt/bin/../libexec/gcc/x86_64-pc-linux-gnu/6.2.0/:/cvmfs/sft.cern.ch/lcg/releases/gcc/6.2.0-2bc78/x86_64-slc6-gcc62-opt/bin/../libexec/gcc/:/cvmfs/sft.cern.ch/lcg/releases/gcc/6.2.0-2bc78/x86_64-slc6-gcc62-opt/lib/gcc/x86_64-pc-linux-gnu/6.2.0/]
  ignore line: [LIBRARY_PATH=/cvmfs/sft.cern.ch/lcg/releases/gcc/6.2.0-2bc78/x86_64-slc6-gcc62-opt/bin/../lib/gcc/x86_64-pc-linux-gnu/6.2.0/:/cvmfs/sft.cern.ch/lcg/releases/gcc/6.2.0-2bc78/x86_64-slc6-gcc62-opt/bin/../lib/gcc/:/cvmfs/sft.cern.ch/lcg/releases/gcc/6.2.0-2bc78/x86_64-slc6-gcc62-opt/bin/../lib/gcc/x86_64-pc-linux-gnu/6.2.0/../../../../lib64/:/lib/../lib64/:/usr/lib/../lib64/:/cvmfs/sft.cern.ch/lcg/releases/gcc/6.2.0-2bc78/x86_64-slc6-gcc62-opt/bin/../lib/gcc/x86_64-pc-linux-gnu/6.2.0/../../../:/lib/:/usr/lib/]
  ignore line: [COLLECT_GCC_OPTIONS='-v' '-rdynamic' '-o' 'cmTC_61d94' '-mtune=generic' '-march=x86-64']
  link line: [ /cvmfs/sft.cern.ch/lcg/releases/gcc/6.2.0-2bc78/x86_64-slc6-gcc62-opt/bin/../libexec/gcc/x86_64-pc-linux-gnu/6.2.0/collect2 -plugin /cvmfs/sft.cern.ch/lcg/releases/gcc/6.2.0-2bc78/x86_64-slc6-gcc62-opt/bin/../libexec/gcc/x86_64-pc-linux-gnu/6.2.0/liblto_plugin.so -plugin-opt=/cvmfs/sft.cern.ch/lcg/releases/gcc/6.2.0-2bc78/x86_64-slc6-gcc62-opt/bin/../libexec/gcc/x86_64-pc-linux-gnu/6.2.0/lto-wrapper -plugin-opt=-fresolution=/tmp/ccBQc0sD.res -plugin-opt=-pass-through=-lgcc -plugin-opt=-pass-through=-lgcc_s -plugin-opt=-pass-through=-lc -plugin-opt=-pass-through=-lgcc -plugin-opt=-pass-through=-lgcc_s --eh-frame-hdr -m elf_x86_64 -export-dynamic -dynamic-linker /lib64/ld-linux-x86-64.so.2 -o cmTC_61d94 /usr/lib/../lib64/crt1.o /usr/lib/../lib64/crti.o /cvmfs/sft.cern.ch/lcg/releases/gcc/6.2.0-2bc78/x86_64-slc6-gcc62-opt/bin/../lib/gcc/x86_64-pc-linux-gnu/6.2.0/crtbegin.o -L/cvmfs/sft.cern.ch/lcg/releases/gcc/6.2.0-2bc78/x86_64-slc6-gcc62-opt/bin/../lib/gcc/x86_64-pc-linux-gnu/6.2.0 -L/cvmfs/sft.cern.ch/lcg/releases/gcc/6.2.0-2bc78/x86_64-slc6-gcc62-opt/bin/../lib/gcc -L/cvmfs/sft.cern.ch/lcg/releases/gcc/6.2.0-2bc78/x86_64-slc6-gcc62-opt/bin/../lib/gcc/x86_64-pc-linux-gnu/6.2.0/../../../../lib64 -L/lib/../lib64 -L/usr/lib/../lib64 -L/cvmfs/sft.cern.ch/lcg/releases/gcc/6.2.0-2bc78/x86_64-slc6-gcc62-opt/bin/../lib/gcc/x86_64-pc-linux-gnu/6.2.0/../../.. CMakeFiles/cmTC_61d94.dir/CMakeCCompilerABI.c.o -lgcc --as-needed -lgcc_s --no-as-needed -lc -lgcc --as-needed -lgcc_s --no-as-needed /cvmfs/sft.cern.ch/lcg/releases/gcc/6.2.0-2bc78/x86_64-slc6-gcc62-opt/bin/../lib/gcc/x86_64-pc-linux-gnu/6.2.0/crtend.o /usr/lib/../lib64/crtn.o]
    arg [/cvmfs/sft.cern.ch/lcg/releases/gcc/6.2.0-2bc78/x86_64-slc6-gcc62-opt/bin/../libexec/gcc/x86_64-pc-linux-gnu/6.2.0/collect2] ==> ignore
    arg [-plugin] ==> ignore
    arg [/cvmfs/sft.cern.ch/lcg/releases/gcc/6.2.0-2bc78/x86_64-slc6-gcc62-opt/bin/../libexec/gcc/x86_64-pc-linux-gnu/6.2.0/liblto_plugin.so] ==> ignore
    arg [-plugin-opt=/cvmfs/sft.cern.ch/lcg/releases/gcc/6.2.0-2bc78/x86_64-slc6-gcc62-opt/bin/../libexec/gcc/x86_64-pc-linux-gnu/6.2.0/lto-wrapper] ==> ignore
    arg [-plugin-opt=-fresolution=/tmp/ccBQc0sD.res] ==> ignore
    arg [-plugin-opt=-pass-through=-lgcc] ==> ignore
    arg [-plugin-opt=-pass-through=-lgcc_s] ==> ignore
    arg [-plugin-opt=-pass-through=-lc] ==> ignore
    arg [-plugin-opt=-pass-through=-lgcc] ==> ignore
    arg [-plugin-opt=-pass-through=-lgcc_s] ==> ignore
    arg [--eh-frame-hdr] ==> ignore
    arg [-m] ==> ignore
    arg [elf_x86_64] ==> ignore
    arg [-export-dynamic] ==> ignore
    arg [-dynamic-linker] ==> ignore
    arg [/lib64/ld-linux-x86-64.so.2] ==> ignore
    arg [-o] ==> ignore
    arg [cmTC_61d94] ==> ignore
    arg [/usr/lib/../lib64/crt1.o] ==> ignore
    arg [/usr/lib/../lib64/crti.o] ==> ignore
    arg [/cvmfs/sft.cern.ch/lcg/releases/gcc/6.2.0-2bc78/x86_64-slc6-gcc62-opt/bin/../lib/gcc/x86_64-pc-linux-gnu/6.2.0/crtbegin.o] ==> ignore
    arg [-L/cvmfs/sft.cern.ch/lcg/releases/gcc/6.2.0-2bc78/x86_64-slc6-gcc62-opt/bin/../lib/gcc/x86_64-pc-linux-gnu/6.2.0] ==> dir [/cvmfs/sft.cern.ch/lcg/releases/gcc/6.2.0-2bc78/x86_64-slc6-gcc62-opt/bin/../lib/gcc/x86_64-pc-linux-gnu/6.2.0]
    arg [-L/cvmfs/sft.cern.ch/lcg/releases/gcc/6.2.0-2bc78/x86_64-slc6-gcc62-opt/bin/../lib/gcc] ==> dir [/cvmfs/sft.cern.ch/lcg/releases/gcc/6.2.0-2bc78/x86_64-slc6-gcc62-opt/bin/../lib/gcc]
    arg [-L/cvmfs/sft.cern.ch/lcg/releases/gcc/6.2.0-2bc78/x86_64-slc6-gcc62-opt/bin/../lib/gcc/x86_64-pc-linux-gnu/6.2.0/../../../../lib64] ==> dir [/cvmfs/sft.cern.ch/lcg/releases/gcc/6.2.0-2bc78/x86_64-slc6-gcc62-opt/bin/../lib/gcc/x86_64-pc-linux-gnu/6.2.0/../../../../lib64]
    arg [-L/lib/../lib64] ==> dir [/lib/../lib64]
    arg [-L/usr/lib/../lib64] ==> dir [/usr/lib/../lib64]
    arg [-L/cvmfs/sft.cern.ch/lcg/releases/gcc/6.2.0-2bc78/x86_64-slc6-gcc62-opt/bin/../lib/gcc/x86_64-pc-linux-gnu/6.2.0/../../..] ==> dir [/cvmfs/sft.cern.ch/lcg/releases/gcc/6.2.0-2bc78/x86_64-slc6-gcc62-opt/bin/../lib/gcc/x86_64-pc-linux-gnu/6.2.0/../../..]
    arg [CMakeFiles/cmTC_61d94.dir/CMakeCCompilerABI.c.o] ==> ignore
    arg [-lgcc] ==> lib [gcc]
    arg [--as-needed] ==> ignore
    arg [-lgcc_s] ==> lib [gcc_s]
    arg [--no-as-needed] ==> ignore
    arg [-lc] ==> lib [c]
    arg [-lgcc] ==> lib [gcc]
    arg [--as-needed] ==> ignore
    arg [-lgcc_s] ==> lib [gcc_s]
    arg [--no-as-needed] ==> ignore
    arg [/cvmfs/sft.cern.ch/lcg/releases/gcc/6.2.0-2bc78/x86_64-slc6-gcc62-opt/bin/../lib/gcc/x86_64-pc-linux-gnu/6.2.0/crtend.o] ==> ignore
    arg [/usr/lib/../lib64/crtn.o] ==> ignore
  collapse library dir [/cvmfs/sft.cern.ch/lcg/releases/gcc/6.2.0-2bc78/x86_64-slc6-gcc62-opt/bin/../lib/gcc/x86_64-pc-linux-gnu/6.2.0] ==> [/cvmfs/sft.cern.ch/lcg/releases/gcc/6.2.0-2bc78/x86_64-slc6-gcc62-opt/lib/gcc/x86_64-pc-linux-gnu/6.2.0]
  collapse library dir [/cvmfs/sft.cern.ch/lcg/releases/gcc/6.2.0-2bc78/x86_64-slc6-gcc62-opt/bin/../lib/gcc] ==> [/cvmfs/sft.cern.ch/lcg/releases/gcc/6.2.0-2bc78/x86_64-slc6-gcc62-opt/lib/gcc]
  collapse library dir [/cvmfs/sft.cern.ch/lcg/releases/gcc/6.2.0-2bc78/x86_64-slc6-gcc62-opt/bin/../lib/gcc/x86_64-pc-linux-gnu/6.2.0/../../../../lib64] ==> [/cvmfs/sft.cern.ch/lcg/releases/gcc/6.2.0-2bc78/x86_64-slc6-gcc62-opt/lib64]
  collapse library dir [/lib/../lib64] ==> [/lib64]
  collapse library dir [/usr/lib/../lib64] ==> [/usr/lib64]
  collapse library dir [/cvmfs/sft.cern.ch/lcg/releases/gcc/6.2.0-2bc78/x86_64-slc6-gcc62-opt/bin/../lib/gcc/x86_64-pc-linux-gnu/6.2.0/../../..] ==> [/cvmfs/sft.cern.ch/lcg/releases/gcc/6.2.0-2bc78/x86_64-slc6-gcc62-opt/lib]
  implicit libs: [gcc;gcc_s;c;gcc;gcc_s]
  implicit dirs: [/cvmfs/sft.cern.ch/lcg/releases/gcc/6.2.0-2bc78/x86_64-slc6-gcc62-opt/lib/gcc/x86_64-pc-linux-gnu/6.2.0;/cvmfs/sft.cern.ch/lcg/releases/gcc/6.2.0-2bc78/x86_64-slc6-gcc62-opt/lib/gcc;/cvmfs/sft.cern.ch/lcg/releases/gcc/6.2.0-2bc78/x86_64-slc6-gcc62-opt/lib64;/lib64;/usr/lib64;/cvmfs/sft.cern.ch/lcg/releases/gcc/6.2.0-2bc78/x86_64-slc6-gcc62-opt/lib]
  implicit fwks: []




Detecting C [-std=c11] compiler features compiled with the following output:
Change Dir: /hepustc/home/hengli/testarea/AnpWH/build/CMakeFiles/CMakeTmp

Run Build Command:"/usr/bin/gmake" "cmTC_03716/fast"
/usr/bin/gmake -f CMakeFiles/cmTC_03716.dir/build.make CMakeFiles/cmTC_03716.dir/build
gmake[1]: Entering directory `/hepustc/home/hengli/testarea/AnpWH/build/CMakeFiles/CMakeTmp'
Building C object CMakeFiles/cmTC_03716.dir/feature_tests.c.o
/cvmfs/sft.cern.ch/lcg/releases/gcc/6.2.0-2bc78/x86_64-slc6-gcc62-opt/bin/gcc   -std=c11 -o CMakeFiles/cmTC_03716.dir/feature_tests.c.o   -c /hepustc/home/hengli/testarea/AnpWH/build/CMakeFiles/feature_tests.c
Linking C executable cmTC_03716
/cvmfs/atlas.cern.ch/repo/ATLASLocalRootBase/x86_64/Cmake/3.11.0/Linux-x86_64/bin/cmake -E cmake_link_script CMakeFiles/cmTC_03716.dir/link.txt --verbose=1
/cvmfs/sft.cern.ch/lcg/releases/gcc/6.2.0-2bc78/x86_64-slc6-gcc62-opt/bin/gcc      -rdynamic CMakeFiles/cmTC_03716.dir/feature_tests.c.o  -o cmTC_03716 
gmake[1]: Leaving directory `/hepustc/home/hengli/testarea/AnpWH/build/CMakeFiles/CMakeTmp'


    Feature record: C_FEATURE:1c_function_prototypes
    Feature record: C_FEATURE:1c_restrict
    Feature record: C_FEATURE:1c_static_assert
    Feature record: C_FEATURE:1c_variadic_macros


Detecting C [-std=c99] compiler features compiled with the following output:
Change Dir: /hepustc/home/hengli/testarea/AnpWH/build/CMakeFiles/CMakeTmp

Run Build Command:"/usr/bin/gmake" "cmTC_a7de5/fast"
/usr/bin/gmake -f CMakeFiles/cmTC_a7de5.dir/build.make CMakeFiles/cmTC_a7de5.dir/build
gmake[1]: Entering directory `/hepustc/home/hengli/testarea/AnpWH/build/CMakeFiles/CMakeTmp'
Building C object CMakeFiles/cmTC_a7de5.dir/feature_tests.c.o
/cvmfs/sft.cern.ch/lcg/releases/gcc/6.2.0-2bc78/x86_64-slc6-gcc62-opt/bin/gcc   -std=c99 -o CMakeFiles/cmTC_a7de5.dir/feature_tests.c.o   -c /hepustc/home/hengli/testarea/AnpWH/build/CMakeFiles/feature_tests.c
Linking C executable cmTC_a7de5
/cvmfs/atlas.cern.ch/repo/ATLASLocalRootBase/x86_64/Cmake/3.11.0/Linux-x86_64/bin/cmake -E cmake_link_script CMakeFiles/cmTC_a7de5.dir/link.txt --verbose=1
/cvmfs/sft.cern.ch/lcg/releases/gcc/6.2.0-2bc78/x86_64-slc6-gcc62-opt/bin/gcc      -rdynamic CMakeFiles/cmTC_a7de5.dir/feature_tests.c.o  -o cmTC_a7de5 
gmake[1]: Leaving directory `/hepustc/home/hengli/testarea/AnpWH/build/CMakeFiles/CMakeTmp'


    Feature record: C_FEATURE:1c_function_prototypes
    Feature record: C_FEATURE:1c_restrict
    Feature record: C_FEATURE:0c_static_assert
    Feature record: C_FEATURE:1c_variadic_macros


Detecting C [-std=c90] compiler features compiled with the following output:
Change Dir: /hepustc/home/hengli/testarea/AnpWH/build/CMakeFiles/CMakeTmp

Run Build Command:"/usr/bin/gmake" "cmTC_aff3e/fast"
/usr/bin/gmake -f CMakeFiles/cmTC_aff3e.dir/build.make CMakeFiles/cmTC_aff3e.dir/build
gmake[1]: Entering directory `/hepustc/home/hengli/testarea/AnpWH/build/CMakeFiles/CMakeTmp'
Building C object CMakeFiles/cmTC_aff3e.dir/feature_tests.c.o
/cvmfs/sft.cern.ch/lcg/releases/gcc/6.2.0-2bc78/x86_64-slc6-gcc62-opt/bin/gcc   -std=c90 -o CMakeFiles/cmTC_aff3e.dir/feature_tests.c.o   -c /hepustc/home/hengli/testarea/AnpWH/build/CMakeFiles/feature_tests.c
Linking C executable cmTC_aff3e
/cvmfs/atlas.cern.ch/repo/ATLASLocalRootBase/x86_64/Cmake/3.11.0/Linux-x86_64/bin/cmake -E cmake_link_script CMakeFiles/cmTC_aff3e.dir/link.txt --verbose=1
/cvmfs/sft.cern.ch/lcg/releases/gcc/6.2.0-2bc78/x86_64-slc6-gcc62-opt/bin/gcc      -rdynamic CMakeFiles/cmTC_aff3e.dir/feature_tests.c.o  -o cmTC_aff3e 
gmake[1]: Leaving directory `/hepustc/home/hengli/testarea/AnpWH/build/CMakeFiles/CMakeTmp'


    Feature record: C_FEATURE:1c_function_prototypes
    Feature record: C_FEATURE:0c_restrict
    Feature record: C_FEATURE:0c_static_assert
    Feature record: C_FEATURE:0c_variadic_macros
Determining if the CXX compiler works passed with the following output:
Change Dir: /hepustc/home/hengli/testarea/AnpWH/build/CMakeFiles/CMakeTmp

Run Build Command:"/usr/bin/gmake" "cmTC_bf739/fast"
/usr/bin/gmake -f CMakeFiles/cmTC_bf739.dir/build.make CMakeFiles/cmTC_bf739.dir/build
gmake[1]: Entering directory `/hepustc/home/hengli/testarea/AnpWH/build/CMakeFiles/CMakeTmp'
Building CXX object CMakeFiles/cmTC_bf739.dir/testCXXCompiler.cxx.o
/cvmfs/sft.cern.ch/lcg/releases/gcc/6.2.0-2bc78/x86_64-slc6-gcc62-opt/bin/g++     -o CMakeFiles/cmTC_bf739.dir/testCXXCompiler.cxx.o -c /hepustc/home/hengli/testarea/AnpWH/build/CMakeFiles/CMakeTmp/testCXXCompiler.cxx
Linking CXX executable cmTC_bf739
/cvmfs/atlas.cern.ch/repo/ATLASLocalRootBase/x86_64/Cmake/3.11.0/Linux-x86_64/bin/cmake -E cmake_link_script CMakeFiles/cmTC_bf739.dir/link.txt --verbose=1
/cvmfs/sft.cern.ch/lcg/releases/gcc/6.2.0-2bc78/x86_64-slc6-gcc62-opt/bin/g++       -rdynamic CMakeFiles/cmTC_bf739.dir/testCXXCompiler.cxx.o  -o cmTC_bf739 
gmake[1]: Leaving directory `/hepustc/home/hengli/testarea/AnpWH/build/CMakeFiles/CMakeTmp'


Detecting CXX compiler ABI info compiled with the following output:
Change Dir: /hepustc/home/hengli/testarea/AnpWH/build/CMakeFiles/CMakeTmp

Run Build Command:"/usr/bin/gmake" "cmTC_36cef/fast"
/usr/bin/gmake -f CMakeFiles/cmTC_36cef.dir/build.make CMakeFiles/cmTC_36cef.dir/build
gmake[1]: Entering directory `/hepustc/home/hengli/testarea/AnpWH/build/CMakeFiles/CMakeTmp'
Building CXX object CMakeFiles/cmTC_36cef.dir/CMakeCXXCompilerABI.cpp.o
/cvmfs/sft.cern.ch/lcg/releases/gcc/6.2.0-2bc78/x86_64-slc6-gcc62-opt/bin/g++     -o CMakeFiles/cmTC_36cef.dir/CMakeCXXCompilerABI.cpp.o -c /cvmfs/atlas.cern.ch/repo/ATLASLocalRootBase/x86_64/Cmake/3.11.0/Linux-x86_64/share/cmake-3.11/Modules/CMakeCXXCompilerABI.cpp
Linking CXX executable cmTC_36cef
/cvmfs/atlas.cern.ch/repo/ATLASLocalRootBase/x86_64/Cmake/3.11.0/Linux-x86_64/bin/cmake -E cmake_link_script CMakeFiles/cmTC_36cef.dir/link.txt --verbose=1
/cvmfs/sft.cern.ch/lcg/releases/gcc/6.2.0-2bc78/x86_64-slc6-gcc62-opt/bin/g++      -v -rdynamic CMakeFiles/cmTC_36cef.dir/CMakeCXXCompilerABI.cpp.o  -o cmTC_36cef 
Using built-in specs.
COLLECT_GCC=/cvmfs/sft.cern.ch/lcg/releases/gcc/6.2.0-2bc78/x86_64-slc6-gcc62-opt/bin/g++
COLLECT_LTO_WRAPPER=/cvmfs/sft.cern.ch/lcg/releases/gcc/6.2.0-2bc78/x86_64-slc6-gcc62-opt/bin/../libexec/gcc/x86_64-pc-linux-gnu/6.2.0/lto-wrapper
Target: x86_64-pc-linux-gnu
Configured with: /mnt/build/jenkins/workspace/lcg_contrib_release/LABEL/slc6/build/contrib/gcc-6.2.0/src/gcc/6.2.0/configure --prefix=/build/jenkins/workspace/lcg_contrib_release/LABEL/slc6/install/gcc/6.2.0/x86_64-slc6-gcc62-opt -with-system-zlib --disable-multilib --enable-languages=all --with-gnu-ld --with-ld=/build/jenkins/workspace/lcg_contrib_release/LABEL/slc6/install/binutils/2.28/x86_64-slc6-gcc62-opt/bin/ld --with-gnu-as --with-as=/build/jenkins/workspace/lcg_contrib_release/LABEL/slc6/install/binutils/2.28/x86_64-slc6-gcc62-opt/bin/as
Thread model: posix
gcc version 6.2.0 (GCC) 
COMPILER_PATH=/cvmfs/sft.cern.ch/lcg/releases/gcc/6.2.0-2bc78/x86_64-slc6-gcc62-opt/bin/../libexec/gcc/x86_64-pc-linux-gnu/6.2.0/:/cvmfs/sft.cern.ch/lcg/releases/gcc/6.2.0-2bc78/x86_64-slc6-gcc62-opt/bin/../libexec/gcc/:/cvmfs/sft.cern.ch/lcg/releases/gcc/6.2.0-2bc78/x86_64-slc6-gcc62-opt/lib/gcc/x86_64-pc-linux-gnu/6.2.0/
LIBRARY_PATH=/cvmfs/sft.cern.ch/lcg/releases/gcc/6.2.0-2bc78/x86_64-slc6-gcc62-opt/bin/../lib/gcc/x86_64-pc-linux-gnu/6.2.0/:/cvmfs/sft.cern.ch/lcg/releases/gcc/6.2.0-2bc78/x86_64-slc6-gcc62-opt/bin/../lib/gcc/:/cvmfs/sft.cern.ch/lcg/releases/gcc/6.2.0-2bc78/x86_64-slc6-gcc62-opt/bin/../lib/gcc/x86_64-pc-linux-gnu/6.2.0/../../../../lib64/:/lib/../lib64/:/usr/lib/../lib64/:/cvmfs/sft.cern.ch/lcg/releases/gcc/6.2.0-2bc78/x86_64-slc6-gcc62-opt/bin/../lib/gcc/x86_64-pc-linux-gnu/6.2.0/../../../:/lib/:/usr/lib/
COLLECT_GCC_OPTIONS='-v' '-rdynamic' '-o' 'cmTC_36cef' '-shared-libgcc' '-mtune=generic' '-march=x86-64'
 /cvmfs/sft.cern.ch/lcg/releases/gcc/6.2.0-2bc78/x86_64-slc6-gcc62-opt/bin/../libexec/gcc/x86_64-pc-linux-gnu/6.2.0/collect2 -plugin /cvmfs/sft.cern.ch/lcg/releases/gcc/6.2.0-2bc78/x86_64-slc6-gcc62-opt/bin/../libexec/gcc/x86_64-pc-linux-gnu/6.2.0/liblto_plugin.so -plugin-opt=/cvmfs/sft.cern.ch/lcg/releases/gcc/6.2.0-2bc78/x86_64-slc6-gcc62-opt/bin/../libexec/gcc/x86_64-pc-linux-gnu/6.2.0/lto-wrapper -plugin-opt=-fresolution=/tmp/ccPEMDI1.res -plugin-opt=-pass-through=-lgcc_s -plugin-opt=-pass-through=-lgcc -plugin-opt=-pass-through=-lc -plugin-opt=-pass-through=-lgcc_s -plugin-opt=-pass-through=-lgcc --eh-frame-hdr -m elf_x86_64 -export-dynamic -dynamic-linker /lib64/ld-linux-x86-64.so.2 -o cmTC_36cef /usr/lib/../lib64/crt1.o /usr/lib/../lib64/crti.o /cvmfs/sft.cern.ch/lcg/releases/gcc/6.2.0-2bc78/x86_64-slc6-gcc62-opt/bin/../lib/gcc/x86_64-pc-linux-gnu/6.2.0/crtbegin.o -L/cvmfs/sft.cern.ch/lcg/releases/gcc/6.2.0-2bc78/x86_64-slc6-gcc62-opt/bin/../lib/gcc/x86_64-pc-linux-gnu/6.2.0 -L/cvmfs/sft.cern.ch/lcg/releases/gcc/6.2.0-2bc78/x86_64-slc6-gcc62-opt/bin/../lib/gcc -L/cvmfs/sft.cern.ch/lcg/releases/gcc/6.2.0-2bc78/x86_64-slc6-gcc62-opt/bin/../lib/gcc/x86_64-pc-linux-gnu/6.2.0/../../../../lib64 -L/lib/../lib64 -L/usr/lib/../lib64 -L/cvmfs/sft.cern.ch/lcg/releases/gcc/6.2.0-2bc78/x86_64-slc6-gcc62-opt/bin/../lib/gcc/x86_64-pc-linux-gnu/6.2.0/../../.. CMakeFiles/cmTC_36cef.dir/CMakeCXXCompilerABI.cpp.o -lstdc++ -lm -lgcc_s -lgcc -lc -lgcc_s -lgcc /cvmfs/sft.cern.ch/lcg/releases/gcc/6.2.0-2bc78/x86_64-slc6-gcc62-opt/bin/../lib/gcc/x86_64-pc-linux-gnu/6.2.0/crtend.o /usr/lib/../lib64/crtn.o
COLLECT_GCC_OPTIONS='-v' '-rdynamic' '-o' 'cmTC_36cef' '-shared-libgcc' '-mtune=generic' '-march=x86-64'
gmake[1]: Leaving directory `/hepustc/home/hengli/testarea/AnpWH/build/CMakeFiles/CMakeTmp'


Parsed CXX implicit link information from above output:
  link line regex: [^( *|.*[/\])(ld|CMAKE_LINK_STARTFILE-NOTFOUND|([^/\]+-)?ld|collect2)[^/\]*( |$)]
  ignore line: [Change Dir: /hepustc/home/hengli/testarea/AnpWH/build/CMakeFiles/CMakeTmp]
  ignore line: []
  ignore line: [Run Build Command:"/usr/bin/gmake" "cmTC_36cef/fast"]
  ignore line: [/usr/bin/gmake -f CMakeFiles/cmTC_36cef.dir/build.make CMakeFiles/cmTC_36cef.dir/build]
  ignore line: [gmake[1]: Entering directory `/hepustc/home/hengli/testarea/AnpWH/build/CMakeFiles/CMakeTmp']
  ignore line: [Building CXX object CMakeFiles/cmTC_36cef.dir/CMakeCXXCompilerABI.cpp.o]
  ignore line: [/cvmfs/sft.cern.ch/lcg/releases/gcc/6.2.0-2bc78/x86_64-slc6-gcc62-opt/bin/g++     -o CMakeFiles/cmTC_36cef.dir/CMakeCXXCompilerABI.cpp.o -c /cvmfs/atlas.cern.ch/repo/ATLASLocalRootBase/x86_64/Cmake/3.11.0/Linux-x86_64/share/cmake-3.11/Modules/CMakeCXXCompilerABI.cpp]
  ignore line: [Linking CXX executable cmTC_36cef]
  ignore line: [/cvmfs/atlas.cern.ch/repo/ATLASLocalRootBase/x86_64/Cmake/3.11.0/Linux-x86_64/bin/cmake -E cmake_link_script CMakeFiles/cmTC_36cef.dir/link.txt --verbose=1]
  ignore line: [/cvmfs/sft.cern.ch/lcg/releases/gcc/6.2.0-2bc78/x86_64-slc6-gcc62-opt/bin/g++      -v -rdynamic CMakeFiles/cmTC_36cef.dir/CMakeCXXCompilerABI.cpp.o  -o cmTC_36cef ]
  ignore line: [Using built-in specs.]
  ignore line: [COLLECT_GCC=/cvmfs/sft.cern.ch/lcg/releases/gcc/6.2.0-2bc78/x86_64-slc6-gcc62-opt/bin/g++]
  ignore line: [COLLECT_LTO_WRAPPER=/cvmfs/sft.cern.ch/lcg/releases/gcc/6.2.0-2bc78/x86_64-slc6-gcc62-opt/bin/../libexec/gcc/x86_64-pc-linux-gnu/6.2.0/lto-wrapper]
  ignore line: [Target: x86_64-pc-linux-gnu]
  ignore line: [Configured with: /mnt/build/jenkins/workspace/lcg_contrib_release/LABEL/slc6/build/contrib/gcc-6.2.0/src/gcc/6.2.0/configure --prefix=/build/jenkins/workspace/lcg_contrib_release/LABEL/slc6/install/gcc/6.2.0/x86_64-slc6-gcc62-opt -with-system-zlib --disable-multilib --enable-languages=all --with-gnu-ld --with-ld=/build/jenkins/workspace/lcg_contrib_release/LABEL/slc6/install/binutils/2.28/x86_64-slc6-gcc62-opt/bin/ld --with-gnu-as --with-as=/build/jenkins/workspace/lcg_contrib_release/LABEL/slc6/install/binutils/2.28/x86_64-slc6-gcc62-opt/bin/as]
  ignore line: [Thread model: posix]
  ignore line: [gcc version 6.2.0 (GCC) ]
  ignore line: [COMPILER_PATH=/cvmfs/sft.cern.ch/lcg/releases/gcc/6.2.0-2bc78/x86_64-slc6-gcc62-opt/bin/../libexec/gcc/x86_64-pc-linux-gnu/6.2.0/:/cvmfs/sft.cern.ch/lcg/releases/gcc/6.2.0-2bc78/x86_64-slc6-gcc62-opt/bin/../libexec/gcc/:/cvmfs/sft.cern.ch/lcg/releases/gcc/6.2.0-2bc78/x86_64-slc6-gcc62-opt/lib/gcc/x86_64-pc-linux-gnu/6.2.0/]
  ignore line: [LIBRARY_PATH=/cvmfs/sft.cern.ch/lcg/releases/gcc/6.2.0-2bc78/x86_64-slc6-gcc62-opt/bin/../lib/gcc/x86_64-pc-linux-gnu/6.2.0/:/cvmfs/sft.cern.ch/lcg/releases/gcc/6.2.0-2bc78/x86_64-slc6-gcc62-opt/bin/../lib/gcc/:/cvmfs/sft.cern.ch/lcg/releases/gcc/6.2.0-2bc78/x86_64-slc6-gcc62-opt/bin/../lib/gcc/x86_64-pc-linux-gnu/6.2.0/../../../../lib64/:/lib/../lib64/:/usr/lib/../lib64/:/cvmfs/sft.cern.ch/lcg/releases/gcc/6.2.0-2bc78/x86_64-slc6-gcc62-opt/bin/../lib/gcc/x86_64-pc-linux-gnu/6.2.0/../../../:/lib/:/usr/lib/]
  ignore line: [COLLECT_GCC_OPTIONS='-v' '-rdynamic' '-o' 'cmTC_36cef' '-shared-libgcc' '-mtune=generic' '-march=x86-64']
  link line: [ /cvmfs/sft.cern.ch/lcg/releases/gcc/6.2.0-2bc78/x86_64-slc6-gcc62-opt/bin/../libexec/gcc/x86_64-pc-linux-gnu/6.2.0/collect2 -plugin /cvmfs/sft.cern.ch/lcg/releases/gcc/6.2.0-2bc78/x86_64-slc6-gcc62-opt/bin/../libexec/gcc/x86_64-pc-linux-gnu/6.2.0/liblto_plugin.so -plugin-opt=/cvmfs/sft.cern.ch/lcg/releases/gcc/6.2.0-2bc78/x86_64-slc6-gcc62-opt/bin/../libexec/gcc/x86_64-pc-linux-gnu/6.2.0/lto-wrapper -plugin-opt=-fresolution=/tmp/ccPEMDI1.res -plugin-opt=-pass-through=-lgcc_s -plugin-opt=-pass-through=-lgcc -plugin-opt=-pass-through=-lc -plugin-opt=-pass-through=-lgcc_s -plugin-opt=-pass-through=-lgcc --eh-frame-hdr -m elf_x86_64 -export-dynamic -dynamic-linker /lib64/ld-linux-x86-64.so.2 -o cmTC_36cef /usr/lib/../lib64/crt1.o /usr/lib/../lib64/crti.o /cvmfs/sft.cern.ch/lcg/releases/gcc/6.2.0-2bc78/x86_64-slc6-gcc62-opt/bin/../lib/gcc/x86_64-pc-linux-gnu/6.2.0/crtbegin.o -L/cvmfs/sft.cern.ch/lcg/releases/gcc/6.2.0-2bc78/x86_64-slc6-gcc62-opt/bin/../lib/gcc/x86_64-pc-linux-gnu/6.2.0 -L/cvmfs/sft.cern.ch/lcg/releases/gcc/6.2.0-2bc78/x86_64-slc6-gcc62-opt/bin/../lib/gcc -L/cvmfs/sft.cern.ch/lcg/releases/gcc/6.2.0-2bc78/x86_64-slc6-gcc62-opt/bin/../lib/gcc/x86_64-pc-linux-gnu/6.2.0/../../../../lib64 -L/lib/../lib64 -L/usr/lib/../lib64 -L/cvmfs/sft.cern.ch/lcg/releases/gcc/6.2.0-2bc78/x86_64-slc6-gcc62-opt/bin/../lib/gcc/x86_64-pc-linux-gnu/6.2.0/../../.. CMakeFiles/cmTC_36cef.dir/CMakeCXXCompilerABI.cpp.o -lstdc++ -lm -lgcc_s -lgcc -lc -lgcc_s -lgcc /cvmfs/sft.cern.ch/lcg/releases/gcc/6.2.0-2bc78/x86_64-slc6-gcc62-opt/bin/../lib/gcc/x86_64-pc-linux-gnu/6.2.0/crtend.o /usr/lib/../lib64/crtn.o]
    arg [/cvmfs/sft.cern.ch/lcg/releases/gcc/6.2.0-2bc78/x86_64-slc6-gcc62-opt/bin/../libexec/gcc/x86_64-pc-linux-gnu/6.2.0/collect2] ==> ignore
    arg [-plugin] ==> ignore
    arg [/cvmfs/sft.cern.ch/lcg/releases/gcc/6.2.0-2bc78/x86_64-slc6-gcc62-opt/bin/../libexec/gcc/x86_64-pc-linux-gnu/6.2.0/liblto_plugin.so] ==> ignore
    arg [-plugin-opt=/cvmfs/sft.cern.ch/lcg/releases/gcc/6.2.0-2bc78/x86_64-slc6-gcc62-opt/bin/../libexec/gcc/x86_64-pc-linux-gnu/6.2.0/lto-wrapper] ==> ignore
    arg [-plugin-opt=-fresolution=/tmp/ccPEMDI1.res] ==> ignore
    arg [-plugin-opt=-pass-through=-lgcc_s] ==> ignore
    arg [-plugin-opt=-pass-through=-lgcc] ==> ignore
    arg [-plugin-opt=-pass-through=-lc] ==> ignore
    arg [-plugin-opt=-pass-through=-lgcc_s] ==> ignore
    arg [-plugin-opt=-pass-through=-lgcc] ==> ignore
    arg [--eh-frame-hdr] ==> ignore
    arg [-m] ==> ignore
    arg [elf_x86_64] ==> ignore
    arg [-export-dynamic] ==> ignore
    arg [-dynamic-linker] ==> ignore
    arg [/lib64/ld-linux-x86-64.so.2] ==> ignore
    arg [-o] ==> ignore
    arg [cmTC_36cef] ==> ignore
    arg [/usr/lib/../lib64/crt1.o] ==> ignore
    arg [/usr/lib/../lib64/crti.o] ==> ignore
    arg [/cvmfs/sft.cern.ch/lcg/releases/gcc/6.2.0-2bc78/x86_64-slc6-gcc62-opt/bin/../lib/gcc/x86_64-pc-linux-gnu/6.2.0/crtbegin.o] ==> ignore
    arg [-L/cvmfs/sft.cern.ch/lcg/releases/gcc/6.2.0-2bc78/x86_64-slc6-gcc62-opt/bin/../lib/gcc/x86_64-pc-linux-gnu/6.2.0] ==> dir [/cvmfs/sft.cern.ch/lcg/releases/gcc/6.2.0-2bc78/x86_64-slc6-gcc62-opt/bin/../lib/gcc/x86_64-pc-linux-gnu/6.2.0]
    arg [-L/cvmfs/sft.cern.ch/lcg/releases/gcc/6.2.0-2bc78/x86_64-slc6-gcc62-opt/bin/../lib/gcc] ==> dir [/cvmfs/sft.cern.ch/lcg/releases/gcc/6.2.0-2bc78/x86_64-slc6-gcc62-opt/bin/../lib/gcc]
    arg [-L/cvmfs/sft.cern.ch/lcg/releases/gcc/6.2.0-2bc78/x86_64-slc6-gcc62-opt/bin/../lib/gcc/x86_64-pc-linux-gnu/6.2.0/../../../../lib64] ==> dir [/cvmfs/sft.cern.ch/lcg/releases/gcc/6.2.0-2bc78/x86_64-slc6-gcc62-opt/bin/../lib/gcc/x86_64-pc-linux-gnu/6.2.0/../../../../lib64]
    arg [-L/lib/../lib64] ==> dir [/lib/../lib64]
    arg [-L/usr/lib/../lib64] ==> dir [/usr/lib/../lib64]
    arg [-L/cvmfs/sft.cern.ch/lcg/releases/gcc/6.2.0-2bc78/x86_64-slc6-gcc62-opt/bin/../lib/gcc/x86_64-pc-linux-gnu/6.2.0/../../..] ==> dir [/cvmfs/sft.cern.ch/lcg/releases/gcc/6.2.0-2bc78/x86_64-slc6-gcc62-opt/bin/../lib/gcc/x86_64-pc-linux-gnu/6.2.0/../../..]
    arg [CMakeFiles/cmTC_36cef.dir/CMakeCXXCompilerABI.cpp.o] ==> ignore
    arg [-lstdc++] ==> lib [stdc++]
    arg [-lm] ==> lib [m]
    arg [-lgcc_s] ==> lib [gcc_s]
    arg [-lgcc] ==> lib [gcc]
    arg [-lc] ==> lib [c]
    arg [-lgcc_s] ==> lib [gcc_s]
    arg [-lgcc] ==> lib [gcc]
    arg [/cvmfs/sft.cern.ch/lcg/releases/gcc/6.2.0-2bc78/x86_64-slc6-gcc62-opt/bin/../lib/gcc/x86_64-pc-linux-gnu/6.2.0/crtend.o] ==> ignore
    arg [/usr/lib/../lib64/crtn.o] ==> ignore
  collapse library dir [/cvmfs/sft.cern.ch/lcg/releases/gcc/6.2.0-2bc78/x86_64-slc6-gcc62-opt/bin/../lib/gcc/x86_64-pc-linux-gnu/6.2.0] ==> [/cvmfs/sft.cern.ch/lcg/releases/gcc/6.2.0-2bc78/x86_64-slc6-gcc62-opt/lib/gcc/x86_64-pc-linux-gnu/6.2.0]
  collapse library dir [/cvmfs/sft.cern.ch/lcg/releases/gcc/6.2.0-2bc78/x86_64-slc6-gcc62-opt/bin/../lib/gcc] ==> [/cvmfs/sft.cern.ch/lcg/releases/gcc/6.2.0-2bc78/x86_64-slc6-gcc62-opt/lib/gcc]
  collapse library dir [/cvmfs/sft.cern.ch/lcg/releases/gcc/6.2.0-2bc78/x86_64-slc6-gcc62-opt/bin/../lib/gcc/x86_64-pc-linux-gnu/6.2.0/../../../../lib64] ==> [/cvmfs/sft.cern.ch/lcg/releases/gcc/6.2.0-2bc78/x86_64-slc6-gcc62-opt/lib64]
  collapse library dir [/lib/../lib64] ==> [/lib64]
  collapse library dir [/usr/lib/../lib64] ==> [/usr/lib64]
  collapse library dir [/cvmfs/sft.cern.ch/lcg/releases/gcc/6.2.0-2bc78/x86_64-slc6-gcc62-opt/bin/../lib/gcc/x86_64-pc-linux-gnu/6.2.0/../../..] ==> [/cvmfs/sft.cern.ch/lcg/releases/gcc/6.2.0-2bc78/x86_64-slc6-gcc62-opt/lib]
  implicit libs: [stdc++;m;gcc_s;gcc;c;gcc_s;gcc]
  implicit dirs: [/cvmfs/sft.cern.ch/lcg/releases/gcc/6.2.0-2bc78/x86_64-slc6-gcc62-opt/lib/gcc/x86_64-pc-linux-gnu/6.2.0;/cvmfs/sft.cern.ch/lcg/releases/gcc/6.2.0-2bc78/x86_64-slc6-gcc62-opt/lib/gcc;/cvmfs/sft.cern.ch/lcg/releases/gcc/6.2.0-2bc78/x86_64-slc6-gcc62-opt/lib64;/lib64;/usr/lib64;/cvmfs/sft.cern.ch/lcg/releases/gcc/6.2.0-2bc78/x86_64-slc6-gcc62-opt/lib]
  implicit fwks: []




Detecting CXX [-std=c++1z] compiler features compiled with the following output:
Change Dir: /hepustc/home/hengli/testarea/AnpWH/build/CMakeFiles/CMakeTmp

Run Build Command:"/usr/bin/gmake" "cmTC_d3423/fast"
/usr/bin/gmake -f CMakeFiles/cmTC_d3423.dir/build.make CMakeFiles/cmTC_d3423.dir/build
gmake[1]: Entering directory `/hepustc/home/hengli/testarea/AnpWH/build/CMakeFiles/CMakeTmp'
Building CXX object CMakeFiles/cmTC_d3423.dir/feature_tests.cxx.o
/cvmfs/sft.cern.ch/lcg/releases/gcc/6.2.0-2bc78/x86_64-slc6-gcc62-opt/bin/g++    -std=c++1z -o CMakeFiles/cmTC_d3423.dir/feature_tests.cxx.o -c /hepustc/home/hengli/testarea/AnpWH/build/CMakeFiles/feature_tests.cxx
Linking CXX executable cmTC_d3423
/cvmfs/atlas.cern.ch/repo/ATLASLocalRootBase/x86_64/Cmake/3.11.0/Linux-x86_64/bin/cmake -E cmake_link_script CMakeFiles/cmTC_d3423.dir/link.txt --verbose=1
/cvmfs/sft.cern.ch/lcg/releases/gcc/6.2.0-2bc78/x86_64-slc6-gcc62-opt/bin/g++       -rdynamic CMakeFiles/cmTC_d3423.dir/feature_tests.cxx.o  -o cmTC_d3423 
gmake[1]: Leaving directory `/hepustc/home/hengli/testarea/AnpWH/build/CMakeFiles/CMakeTmp'


    Feature record: CXX_FEATURE:1cxx_aggregate_default_initializers
    Feature record: CXX_FEATURE:1cxx_alias_templates
    Feature record: CXX_FEATURE:1cxx_alignas
    Feature record: CXX_FEATURE:1cxx_alignof
    Feature record: CXX_FEATURE:1cxx_attributes
    Feature record: CXX_FEATURE:1cxx_attribute_deprecated
    Feature record: CXX_FEATURE:1cxx_auto_type
    Feature record: CXX_FEATURE:1cxx_binary_literals
    Feature record: CXX_FEATURE:1cxx_constexpr
    Feature record: CXX_FEATURE:1cxx_contextual_conversions
    Feature record: CXX_FEATURE:1cxx_decltype
    Feature record: CXX_FEATURE:1cxx_decltype_auto
    Feature record: CXX_FEATURE:1cxx_decltype_incomplete_return_types
    Feature record: CXX_FEATURE:1cxx_default_function_template_args
    Feature record: CXX_FEATURE:1cxx_defaulted_functions
    Feature record: CXX_FEATURE:1cxx_defaulted_move_initializers
    Feature record: CXX_FEATURE:1cxx_delegating_constructors
    Feature record: CXX_FEATURE:1cxx_deleted_functions
    Feature record: CXX_FEATURE:1cxx_digit_separators
    Feature record: CXX_FEATURE:1cxx_enum_forward_declarations
    Feature record: CXX_FEATURE:1cxx_explicit_conversions
    Feature record: CXX_FEATURE:1cxx_extended_friend_declarations
    Feature record: CXX_FEATURE:1cxx_extern_templates
    Feature record: CXX_FEATURE:1cxx_final
    Feature record: CXX_FEATURE:1cxx_func_identifier
    Feature record: CXX_FEATURE:1cxx_generalized_initializers
    Feature record: CXX_FEATURE:1cxx_generic_lambdas
    Feature record: CXX_FEATURE:1cxx_inheriting_constructors
    Feature record: CXX_FEATURE:1cxx_inline_namespaces
    Feature record: CXX_FEATURE:1cxx_lambdas
    Feature record: CXX_FEATURE:1cxx_lambda_init_captures
    Feature record: CXX_FEATURE:1cxx_local_type_template_args
    Feature record: CXX_FEATURE:1cxx_long_long_type
    Feature record: CXX_FEATURE:1cxx_noexcept
    Feature record: CXX_FEATURE:1cxx_nonstatic_member_init
    Feature record: CXX_FEATURE:1cxx_nullptr
    Feature record: CXX_FEATURE:1cxx_override
    Feature record: CXX_FEATURE:1cxx_range_for
    Feature record: CXX_FEATURE:1cxx_raw_string_literals
    Feature record: CXX_FEATURE:1cxx_reference_qualified_functions
    Feature record: CXX_FEATURE:1cxx_relaxed_constexpr
    Feature record: CXX_FEATURE:1cxx_return_type_deduction
    Feature record: CXX_FEATURE:1cxx_right_angle_brackets
    Feature record: CXX_FEATURE:1cxx_rvalue_references
    Feature record: CXX_FEATURE:1cxx_sizeof_member
    Feature record: CXX_FEATURE:1cxx_static_assert
    Feature record: CXX_FEATURE:1cxx_strong_enums
    Feature record: CXX_FEATURE:1cxx_template_template_parameters
    Feature record: CXX_FEATURE:1cxx_thread_local
    Feature record: CXX_FEATURE:1cxx_trailing_return_types
    Feature record: CXX_FEATURE:1cxx_unicode_literals
    Feature record: CXX_FEATURE:1cxx_uniform_initialization
    Feature record: CXX_FEATURE:1cxx_unrestricted_unions
    Feature record: CXX_FEATURE:1cxx_user_literals
    Feature record: CXX_FEATURE:1cxx_variable_templates
    Feature record: CXX_FEATURE:1cxx_variadic_macros
    Feature record: CXX_FEATURE:1cxx_variadic_templates


Detecting CXX [-std=c++14] compiler features compiled with the following output:
Change Dir: /hepustc/home/hengli/testarea/AnpWH/build/CMakeFiles/CMakeTmp

Run Build Command:"/usr/bin/gmake" "cmTC_f6f29/fast"
/usr/bin/gmake -f CMakeFiles/cmTC_f6f29.dir/build.make CMakeFiles/cmTC_f6f29.dir/build
gmake[1]: Entering directory `/hepustc/home/hengli/testarea/AnpWH/build/CMakeFiles/CMakeTmp'
Building CXX object CMakeFiles/cmTC_f6f29.dir/feature_tests.cxx.o
/cvmfs/sft.cern.ch/lcg/releases/gcc/6.2.0-2bc78/x86_64-slc6-gcc62-opt/bin/g++    -std=c++14 -o CMakeFiles/cmTC_f6f29.dir/feature_tests.cxx.o -c /hepustc/home/hengli/testarea/AnpWH/build/CMakeFiles/feature_tests.cxx
Linking CXX executable cmTC_f6f29
/cvmfs/atlas.cern.ch/repo/ATLASLocalRootBase/x86_64/Cmake/3.11.0/Linux-x86_64/bin/cmake -E cmake_link_script CMakeFiles/cmTC_f6f29.dir/link.txt --verbose=1
/cvmfs/sft.cern.ch/lcg/releases/gcc/6.2.0-2bc78/x86_64-slc6-gcc62-opt/bin/g++       -rdynamic CMakeFiles/cmTC_f6f29.dir/feature_tests.cxx.o  -o cmTC_f6f29 
gmake[1]: Leaving directory `/hepustc/home/hengli/testarea/AnpWH/build/CMakeFiles/CMakeTmp'


    Feature record: CXX_FEATURE:1cxx_aggregate_default_initializers
    Feature record: CXX_FEATURE:1cxx_alias_templates
    Feature record: CXX_FEATURE:1cxx_alignas
    Feature record: CXX_FEATURE:1cxx_alignof
    Feature record: CXX_FEATURE:1cxx_attributes
    Feature record: CXX_FEATURE:1cxx_attribute_deprecated
    Feature record: CXX_FEATURE:1cxx_auto_type
    Feature record: CXX_FEATURE:1cxx_binary_literals
    Feature record: CXX_FEATURE:1cxx_constexpr
    Feature record: CXX_FEATURE:1cxx_contextual_conversions
    Feature record: CXX_FEATURE:1cxx_decltype
    Feature record: CXX_FEATURE:1cxx_decltype_auto
    Feature record: CXX_FEATURE:1cxx_decltype_incomplete_return_types
    Feature record: CXX_FEATURE:1cxx_default_function_template_args
    Feature record: CXX_FEATURE:1cxx_defaulted_functions
    Feature record: CXX_FEATURE:1cxx_defaulted_move_initializers
    Feature record: CXX_FEATURE:1cxx_delegating_constructors
    Feature record: CXX_FEATURE:1cxx_deleted_functions
    Feature record: CXX_FEATURE:1cxx_digit_separators
    Feature record: CXX_FEATURE:1cxx_enum_forward_declarations
    Feature record: CXX_FEATURE:1cxx_explicit_conversions
    Feature record: CXX_FEATURE:1cxx_extended_friend_declarations
    Feature record: CXX_FEATURE:1cxx_extern_templates
    Feature record: CXX_FEATURE:1cxx_final
    Feature record: CXX_FEATURE:1cxx_func_identifier
    Feature record: CXX_FEATURE:1cxx_generalized_initializers
    Feature record: CXX_FEATURE:1cxx_generic_lambdas
    Feature record: CXX_FEATURE:1cxx_inheriting_constructors
    Feature record: CXX_FEATURE:1cxx_inline_namespaces
    Feature record: CXX_FEATURE:1cxx_lambdas
    Feature record: CXX_FEATURE:1cxx_lambda_init_captures
    Feature record: CXX_FEATURE:1cxx_local_type_template_args
    Feature record: CXX_FEATURE:1cxx_long_long_type
    Feature record: CXX_FEATURE:1cxx_noexcept
    Feature record: CXX_FEATURE:1cxx_nonstatic_member_init
    Feature record: CXX_FEATURE:1cxx_nullptr
    Feature record: CXX_FEATURE:1cxx_override
    Feature record: CXX_FEATURE:1cxx_range_for
    Feature record: CXX_FEATURE:1cxx_raw_string_literals
    Feature record: CXX_FEATURE:1cxx_reference_qualified_functions
    Feature record: CXX_FEATURE:1cxx_relaxed_constexpr
    Feature record: CXX_FEATURE:1cxx_return_type_deduction
    Feature record: CXX_FEATURE:1cxx_right_angle_brackets
    Feature record: CXX_FEATURE:1cxx_rvalue_references
    Feature record: CXX_FEATURE:1cxx_sizeof_member
    Feature record: CXX_FEATURE:1cxx_static_assert
    Feature record: CXX_FEATURE:1cxx_strong_enums
    Feature record: CXX_FEATURE:1cxx_template_template_parameters
    Feature record: CXX_FEATURE:1cxx_thread_local
    Feature record: CXX_FEATURE:1cxx_trailing_return_types
    Feature record: CXX_FEATURE:1cxx_unicode_literals
    Feature record: CXX_FEATURE:1cxx_uniform_initialization
    Feature record: CXX_FEATURE:1cxx_unrestricted_unions
    Feature record: CXX_FEATURE:1cxx_user_literals
    Feature record: CXX_FEATURE:1cxx_variable_templates
    Feature record: CXX_FEATURE:1cxx_variadic_macros
    Feature record: CXX_FEATURE:1cxx_variadic_templates


Detecting CXX [-std=c++11] compiler features compiled with the following output:
Change Dir: /hepustc/home/hengli/testarea/AnpWH/build/CMakeFiles/CMakeTmp

Run Build Command:"/usr/bin/gmake" "cmTC_a1226/fast"
/usr/bin/gmake -f CMakeFiles/cmTC_a1226.dir/build.make CMakeFiles/cmTC_a1226.dir/build
gmake[1]: Entering directory `/hepustc/home/hengli/testarea/AnpWH/build/CMakeFiles/CMakeTmp'
Building CXX object CMakeFiles/cmTC_a1226.dir/feature_tests.cxx.o
/cvmfs/sft.cern.ch/lcg/releases/gcc/6.2.0-2bc78/x86_64-slc6-gcc62-opt/bin/g++    -std=c++11 -o CMakeFiles/cmTC_a1226.dir/feature_tests.cxx.o -c /hepustc/home/hengli/testarea/AnpWH/build/CMakeFiles/feature_tests.cxx
Linking CXX executable cmTC_a1226
/cvmfs/atlas.cern.ch/repo/ATLASLocalRootBase/x86_64/Cmake/3.11.0/Linux-x86_64/bin/cmake -E cmake_link_script CMakeFiles/cmTC_a1226.dir/link.txt --verbose=1
/cvmfs/sft.cern.ch/lcg/releases/gcc/6.2.0-2bc78/x86_64-slc6-gcc62-opt/bin/g++       -rdynamic CMakeFiles/cmTC_a1226.dir/feature_tests.cxx.o  -o cmTC_a1226 
gmake[1]: Leaving directory `/hepustc/home/hengli/testarea/AnpWH/build/CMakeFiles/CMakeTmp'


    Feature record: CXX_FEATURE:0cxx_aggregate_default_initializers
    Feature record: CXX_FEATURE:1cxx_alias_templates
    Feature record: CXX_FEATURE:1cxx_alignas
    Feature record: CXX_FEATURE:1cxx_alignof
    Feature record: CXX_FEATURE:1cxx_attributes
    Feature record: CXX_FEATURE:0cxx_attribute_deprecated
    Feature record: CXX_FEATURE:1cxx_auto_type
    Feature record: CXX_FEATURE:0cxx_binary_literals
    Feature record: CXX_FEATURE:1cxx_constexpr
    Feature record: CXX_FEATURE:0cxx_contextual_conversions
    Feature record: CXX_FEATURE:1cxx_decltype
    Feature record: CXX_FEATURE:0cxx_decltype_auto
    Feature record: CXX_FEATURE:1cxx_decltype_incomplete_return_types
    Feature record: CXX_FEATURE:1cxx_default_function_template_args
    Feature record: CXX_FEATURE:1cxx_defaulted_functions
    Feature record: CXX_FEATURE:1cxx_defaulted_move_initializers
    Feature record: CXX_FEATURE:1cxx_delegating_constructors
    Feature record: CXX_FEATURE:1cxx_deleted_functions
    Feature record: CXX_FEATURE:0cxx_digit_separators
    Feature record: CXX_FEATURE:1cxx_enum_forward_declarations
    Feature record: CXX_FEATURE:1cxx_explicit_conversions
    Feature record: CXX_FEATURE:1cxx_extended_friend_declarations
    Feature record: CXX_FEATURE:1cxx_extern_templates
    Feature record: CXX_FEATURE:1cxx_final
    Feature record: CXX_FEATURE:1cxx_func_identifier
    Feature record: CXX_FEATURE:1cxx_generalized_initializers
    Feature record: CXX_FEATURE:0cxx_generic_lambdas
    Feature record: CXX_FEATURE:1cxx_inheriting_constructors
    Feature record: CXX_FEATURE:1cxx_inline_namespaces
    Feature record: CXX_FEATURE:1cxx_lambdas
    Feature record: CXX_FEATURE:0cxx_lambda_init_captures
    Feature record: CXX_FEATURE:1cxx_local_type_template_args
    Feature record: CXX_FEATURE:1cxx_long_long_type
    Feature record: CXX_FEATURE:1cxx_noexcept
    Feature record: CXX_FEATURE:1cxx_nonstatic_member_init
    Feature record: CXX_FEATURE:1cxx_nullptr
    Feature record: CXX_FEATURE:1cxx_override
    Feature record: CXX_FEATURE:1cxx_range_for
    Feature record: CXX_FEATURE:1cxx_raw_string_literals
    Feature record: CXX_FEATURE:1cxx_reference_qualified_functions
    Feature record: CXX_FEATURE:0cxx_relaxed_constexpr
    Feature record: CXX_FEATURE:0cxx_return_type_deduction
    Feature record: CXX_FEATURE:1cxx_right_angle_brackets
    Feature record: CXX_FEATURE:1cxx_rvalue_references
    Feature record: CXX_FEATURE:1cxx_sizeof_member
    Feature record: CXX_FEATURE:1cxx_static_assert
    Feature record: CXX_FEATURE:1cxx_strong_enums
    Feature record: CXX_FEATURE:1cxx_template_template_parameters
    Feature record: CXX_FEATURE:1cxx_thread_local
    Feature record: CXX_FEATURE:1cxx_trailing_return_types
    Feature record: CXX_FEATURE:1cxx_unicode_literals
    Feature record: CXX_FEATURE:1cxx_uniform_initialization
    Feature record: CXX_FEATURE:1cxx_unrestricted_unions
    Feature record: CXX_FEATURE:1cxx_user_literals
    Feature record: CXX_FEATURE:0cxx_variable_templates
    Feature record: CXX_FEATURE:1cxx_variadic_macros
    Feature record: CXX_FEATURE:1cxx_variadic_templates


Detecting CXX [-std=c++98] compiler features compiled with the following output:
Change Dir: /hepustc/home/hengli/testarea/AnpWH/build/CMakeFiles/CMakeTmp

Run Build Command:"/usr/bin/gmake" "cmTC_8686d/fast"
/usr/bin/gmake -f CMakeFiles/cmTC_8686d.dir/build.make CMakeFiles/cmTC_8686d.dir/build
gmake[1]: Entering directory `/hepustc/home/hengli/testarea/AnpWH/build/CMakeFiles/CMakeTmp'
Building CXX object CMakeFiles/cmTC_8686d.dir/feature_tests.cxx.o
/cvmfs/sft.cern.ch/lcg/releases/gcc/6.2.0-2bc78/x86_64-slc6-gcc62-opt/bin/g++    -std=c++98 -o CMakeFiles/cmTC_8686d.dir/feature_tests.cxx.o -c /hepustc/home/hengli/testarea/AnpWH/build/CMakeFiles/feature_tests.cxx
Linking CXX executable cmTC_8686d
/cvmfs/atlas.cern.ch/repo/ATLASLocalRootBase/x86_64/Cmake/3.11.0/Linux-x86_64/bin/cmake -E cmake_link_script CMakeFiles/cmTC_8686d.dir/link.txt --verbose=1
/cvmfs/sft.cern.ch/lcg/releases/gcc/6.2.0-2bc78/x86_64-slc6-gcc62-opt/bin/g++       -rdynamic CMakeFiles/cmTC_8686d.dir/feature_tests.cxx.o  -o cmTC_8686d 
gmake[1]: Leaving directory `/hepustc/home/hengli/testarea/AnpWH/build/CMakeFiles/CMakeTmp'


    Feature record: CXX_FEATURE:0cxx_aggregate_default_initializers
    Feature record: CXX_FEATURE:0cxx_alias_templates
    Feature record: CXX_FEATURE:0cxx_alignas
    Feature record: CXX_FEATURE:0cxx_alignof
    Feature record: CXX_FEATURE:0cxx_attributes
    Feature record: CXX_FEATURE:0cxx_attribute_deprecated
    Feature record: CXX_FEATURE:0cxx_auto_type
    Feature record: CXX_FEATURE:0cxx_binary_literals
    Feature record: CXX_FEATURE:0cxx_constexpr
    Feature record: CXX_FEATURE:0cxx_contextual_conversions
    Feature record: CXX_FEATURE:0cxx_decltype
    Feature record: CXX_FEATURE:0cxx_decltype_auto
    Feature record: CXX_FEATURE:0cxx_decltype_incomplete_return_types
    Feature record: CXX_FEATURE:0cxx_default_function_template_args
    Feature record: CXX_FEATURE:0cxx_defaulted_functions
    Feature record: CXX_FEATURE:0cxx_defaulted_move_initializers
    Feature record: CXX_FEATURE:0cxx_delegating_constructors
    Feature record: CXX_FEATURE:0cxx_deleted_functions
    Feature record: CXX_FEATURE:0cxx_digit_separators
    Feature record: CXX_FEATURE:0cxx_enum_forward_declarations
    Feature record: CXX_FEATURE:0cxx_explicit_conversions
    Feature record: CXX_FEATURE:0cxx_extended_friend_declarations
    Feature record: CXX_FEATURE:0cxx_extern_templates
    Feature record: CXX_FEATURE:0cxx_final
    Feature record: CXX_FEATURE:0cxx_func_identifier
    Feature record: CXX_FEATURE:0cxx_generalized_initializers
    Feature record: CXX_FEATURE:0cxx_generic_lambdas
    Feature record: CXX_FEATURE:0cxx_inheriting_constructors
    Feature record: CXX_FEATURE:0cxx_inline_namespaces
    Feature record: CXX_FEATURE:0cxx_lambdas
    Feature record: CXX_FEATURE:0cxx_lambda_init_captures
    Feature record: CXX_FEATURE:0cxx_local_type_template_args
    Feature record: CXX_FEATURE:0cxx_long_long_type
    Feature record: CXX_FEATURE:0cxx_noexcept
    Feature record: CXX_FEATURE:0cxx_nonstatic_member_init
    Feature record: CXX_FEATURE:0cxx_nullptr
    Feature record: CXX_FEATURE:0cxx_override
    Feature record: CXX_FEATURE:0cxx_range_for
    Feature record: CXX_FEATURE:0cxx_raw_string_literals
    Feature record: CXX_FEATURE:0cxx_reference_qualified_functions
    Feature record: CXX_FEATURE:0cxx_relaxed_constexpr
    Feature record: CXX_FEATURE:0cxx_return_type_deduction
    Feature record: CXX_FEATURE:0cxx_right_angle_brackets
    Feature record: CXX_FEATURE:0cxx_rvalue_references
    Feature record: CXX_FEATURE:0cxx_sizeof_member
    Feature record: CXX_FEATURE:0cxx_static_assert
    Feature record: CXX_FEATURE:0cxx_strong_enums
    Feature record: CXX_FEATURE:1cxx_template_template_parameters
    Feature record: CXX_FEATURE:0cxx_thread_local
    Feature record: CXX_FEATURE:0cxx_trailing_return_types
    Feature record: CXX_FEATURE:0cxx_unicode_literals
    Feature record: CXX_FEATURE:0cxx_uniform_initialization
    Feature record: CXX_FEATURE:0cxx_unrestricted_unions
    Feature record: CXX_FEATURE:0cxx_user_literals
    Feature record: CXX_FEATURE:0cxx_variable_templates
    Feature record: CXX_FEATURE:0cxx_variadic_macros
    Feature record: CXX_FEATURE:0cxx_variadic_templates
Determining if the include file pthread.h exists passed with the following output:
Change Dir: /hepustc/home/hengli/testarea/AnpWH/build/CMakeFiles/CMakeTmp

Run Build Command:"/usr/bin/gmake" "cmTC_c2989/fast"
/usr/bin/gmake -f CMakeFiles/cmTC_c2989.dir/build.make CMakeFiles/cmTC_c2989.dir/build
gmake[1]: Entering directory `/hepustc/home/hengli/testarea/AnpWH/build/CMakeFiles/CMakeTmp'
Building C object CMakeFiles/cmTC_c2989.dir/CheckIncludeFile.c.o
/cvmfs/sft.cern.ch/lcg/releases/gcc/6.2.0-2bc78/x86_64-slc6-gcc62-opt/bin/gcc    -o CMakeFiles/cmTC_c2989.dir/CheckIncludeFile.c.o   -c /hepustc/home/hengli/testarea/AnpWH/build/CMakeFiles/CMakeTmp/CheckIncludeFile.c
Linking C executable cmTC_c2989
/cvmfs/atlas.cern.ch/repo/ATLASLocalRootBase/x86_64/Cmake/3.11.0/Linux-x86_64/bin/cmake -E cmake_link_script CMakeFiles/cmTC_c2989.dir/link.txt --verbose=1
/cvmfs/sft.cern.ch/lcg/releases/gcc/6.2.0-2bc78/x86_64-slc6-gcc62-opt/bin/gcc     -Wl,--as-needed -Wl,--hash-style=both  CMakeFiles/cmTC_c2989.dir/CheckIncludeFile.c.o  -o cmTC_c2989 
gmake[1]: Leaving directory `/hepustc/home/hengli/testarea/AnpWH/build/CMakeFiles/CMakeTmp'


Compiling the Fortran compiler identification source file "CMakeFortranCompilerId.F" succeeded.
Compiler: /cvmfs/sft.cern.ch/lcg/releases/gcc/6.2.0-2bc78/x86_64-slc6-gcc62-opt/bin/gfortran 
Build flags: ;-ffixed-line-length-132;-DFVOIDP=INTEGER*8
Id flags: -v 

The output was:
0
Driving: /cvmfs/sft.cern.ch/lcg/releases/gcc/6.2.0-2bc78/x86_64-slc6-gcc62-opt/bin/gfortran -ffixed-line-length-132 -DFVOIDP=INTEGER*8 -v CMakeFortranCompilerId.F -l gfortran -l m -shared-libgcc
Using built-in specs.
COLLECT_GCC=/cvmfs/sft.cern.ch/lcg/releases/gcc/6.2.0-2bc78/x86_64-slc6-gcc62-opt/bin/gfortran
COLLECT_LTO_WRAPPER=/cvmfs/sft.cern.ch/lcg/releases/gcc/6.2.0-2bc78/x86_64-slc6-gcc62-opt/bin/../libexec/gcc/x86_64-pc-linux-gnu/6.2.0/lto-wrapper
Target: x86_64-pc-linux-gnu
Configured with: /mnt/build/jenkins/workspace/lcg_contrib_release/LABEL/slc6/build/contrib/gcc-6.2.0/src/gcc/6.2.0/configure --prefix=/build/jenkins/workspace/lcg_contrib_release/LABEL/slc6/install/gcc/6.2.0/x86_64-slc6-gcc62-opt -with-system-zlib --disable-multilib --enable-languages=all --with-gnu-ld --with-ld=/build/jenkins/workspace/lcg_contrib_release/LABEL/slc6/install/binutils/2.28/x86_64-slc6-gcc62-opt/bin/ld --with-gnu-as --with-as=/build/jenkins/workspace/lcg_contrib_release/LABEL/slc6/install/binutils/2.28/x86_64-slc6-gcc62-opt/bin/as
Thread model: posix
gcc version 6.2.0 (GCC) 
COLLECT_GCC_OPTIONS='-ffixed-line-length-132' '-D' 'FVOIDP=INTEGER*8' '-v' '-shared-libgcc' '-mtune=generic' '-march=x86-64'
 /cvmfs/sft.cern.ch/lcg/releases/gcc/6.2.0-2bc78/x86_64-slc6-gcc62-opt/bin/../libexec/gcc/x86_64-pc-linux-gnu/6.2.0/f951 CMakeFortranCompilerId.F -ffixed-form -cpp=/tmp/ccBfjkGn.f90 -quiet -v -iprefix /cvmfs/sft.cern.ch/lcg/releases/gcc/6.2.0-2bc78/x86_64-slc6-gcc62-opt/bin/../lib/gcc/x86_64-pc-linux-gnu/6.2.0/ -isystem /cvmfs/sft.cern.ch/lcg/releases/gcc/6.2.0-2bc78/x86_64-slc6-gcc62-opt/lib/gcc/x86_64-pc-linux-gnu/6.2.0/include -isystem /cvmfs/sft.cern.ch/lcg/releases/gcc/6.2.0-2bc78/x86_64-slc6-gcc62-opt/lib/gcc/x86_64-pc-linux-gnu/6.2.0/include-fixed -D FVOIDP=INTEGER*8 CMakeFortranCompilerId.F -quiet -dumpbase CMakeFortranCompilerId.F -mtune=generic -march=x86-64 -auxbase CMakeFortranCompilerId -version -ffixed-line-length-132 -fintrinsic-modules-path /cvmfs/sft.cern.ch/lcg/releases/gcc/6.2.0-2bc78/x86_64-slc6-gcc62-opt/bin/../lib/gcc/x86_64-pc-linux-gnu/6.2.0/finclude -o /tmp/ccykjLP7.s
GNU Fortran (GCC) version 6.2.0 (x86_64-pc-linux-gnu)
	compiled by GNU C version 6.2.0, GMP version 4.3.2, MPFR version 2.4.2, MPC version 0.8.1, isl version 0.15
GGC heuristics: --param ggc-min-expand=100 --param ggc-min-heapsize=131072
ignoring nonexistent directory "/cvmfs/sft.cern.ch/lcg/releases/gcc/6.2.0-2bc78/x86_64-slc6-gcc62-opt/bin/../lib/gcc/x86_64-pc-linux-gnu/6.2.0/../../../../x86_64-pc-linux-gnu/include"
ignoring duplicate directory "/cvmfs/sft.cern.ch/lcg/releases/gcc/6.2.0-2bc78/x86_64-slc6-gcc62-opt/bin/../lib/gcc/../../lib/gcc/x86_64-pc-linux-gnu/6.2.0/include"
ignoring duplicate directory "/cvmfs/sft.cern.ch/lcg/releases/gcc/6.2.0-2bc78/x86_64-slc6-gcc62-opt/bin/../lib/gcc/../../lib/gcc/x86_64-pc-linux-gnu/6.2.0/include-fixed"
ignoring nonexistent directory "/cvmfs/sft.cern.ch/lcg/releases/gcc/6.2.0-2bc78/x86_64-slc6-gcc62-opt/bin/../lib/gcc/../../lib/gcc/x86_64-pc-linux-gnu/6.2.0/../../../../x86_64-pc-linux-gnu/include"
ignoring duplicate directory "/cvmfs/sft.cern.ch/lcg/releases/gcc/6.2.0-2bc78/x86_64-slc6-gcc62-opt/lib/gcc/x86_64-pc-linux-gnu/6.2.0/include"
  as it is a non-system directory that duplicates a system directory
ignoring duplicate directory "/cvmfs/sft.cern.ch/lcg/releases/gcc/6.2.0-2bc78/x86_64-slc6-gcc62-opt/lib/gcc/x86_64-pc-linux-gnu/6.2.0/include-fixed"
  as it is a non-system directory that duplicates a system directory
#include "..." search starts here:
#include <...> search starts here:
 /cvmfs/sft.cern.ch/lcg/releases/gcc/6.2.0-2bc78/x86_64-slc6-gcc62-opt/bin/../lib/gcc/x86_64-pc-linux-gnu/6.2.0/finclude
 /cvmfs/sft.cern.ch/lcg/releases/gcc/6.2.0-2bc78/x86_64-slc6-gcc62-opt/bin/../lib/gcc/x86_64-pc-linux-gnu/6.2.0/include
 /cvmfs/sft.cern.ch/lcg/releases/gcc/6.2.0-2bc78/x86_64-slc6-gcc62-opt/bin/../lib/gcc/x86_64-pc-linux-gnu/6.2.0/include-fixed
 /usr/local/include
 /cvmfs/sft.cern.ch/lcg/releases/gcc/6.2.0-2bc78/x86_64-slc6-gcc62-opt/bin/../lib/gcc/../../include
 /usr/include
End of search list.
GNU Fortran2008 (GCC) version 6.2.0 (x86_64-pc-linux-gnu)
	compiled by GNU C version 6.2.0, GMP version 4.3.2, MPFR version 2.4.2, MPC version 0.8.1, isl version 0.15
GGC heuristics: --param ggc-min-expand=100 --param ggc-min-heapsize=131072
COLLECT_GCC_OPTIONS='-ffixed-line-length-132' '-D' 'FVOIDP=INTEGER*8' '-v' '-shared-libgcc' '-mtune=generic' '-march=x86-64'
 as -v --64 -o /tmp/ccK40w9R.o /tmp/ccykjLP7.s
GNU assembler version 2.28 (x86_64-pc-linux-gnu) using BFD version (GNU Binutils) 2.28
Reading specs from /cvmfs/sft.cern.ch/lcg/releases/gcc/6.2.0-2bc78/x86_64-slc6-gcc62-opt/bin/../lib/gcc/x86_64-pc-linux-gnu/6.2.0/../../../../lib64/libgfortran.spec
rename spec lib to liborig
COLLECT_GCC_OPTIONS='-ffixed-line-length-132' '-D' 'FVOIDP=INTEGER*8' '-v' '-shared-libgcc' '-mtune=generic' '-march=x86-64'
COMPILER_PATH=/cvmfs/sft.cern.ch/lcg/releases/gcc/6.2.0-2bc78/x86_64-slc6-gcc62-opt/bin/../libexec/gcc/x86_64-pc-linux-gnu/6.2.0/:/cvmfs/sft.cern.ch/lcg/releases/gcc/6.2.0-2bc78/x86_64-slc6-gcc62-opt/bin/../libexec/gcc/:/cvmfs/sft.cern.ch/lcg/releases/gcc/6.2.0-2bc78/x86_64-slc6-gcc62-opt/lib/gcc/x86_64-pc-linux-gnu/6.2.0/
LIBRARY_PATH=/cvmfs/sft.cern.ch/lcg/releases/gcc/6.2.0-2bc78/x86_64-slc6-gcc62-opt/bin/../lib/gcc/x86_64-pc-linux-gnu/6.2.0/:/cvmfs/sft.cern.ch/lcg/releases/gcc/6.2.0-2bc78/x86_64-slc6-gcc62-opt/bin/../lib/gcc/:/cvmfs/sft.cern.ch/lcg/releases/gcc/6.2.0-2bc78/x86_64-slc6-gcc62-opt/bin/../lib/gcc/x86_64-pc-linux-gnu/6.2.0/../../../../lib64/:/lib/../lib64/:/usr/lib/../lib64/:/cvmfs/sft.cern.ch/lcg/releases/gcc/6.2.0-2bc78/x86_64-slc6-gcc62-opt/bin/../lib/gcc/x86_64-pc-linux-gnu/6.2.0/../../../:/lib/:/usr/lib/
COLLECT_GCC_OPTIONS='-ffixed-line-length-132' '-D' 'FVOIDP=INTEGER*8' '-v' '-shared-libgcc' '-mtune=generic' '-march=x86-64'
 /cvmfs/sft.cern.ch/lcg/releases/gcc/6.2.0-2bc78/x86_64-slc6-gcc62-opt/bin/../libexec/gcc/x86_64-pc-linux-gnu/6.2.0/collect2 -plugin /cvmfs/sft.cern.ch/lcg/releases/gcc/6.2.0-2bc78/x86_64-slc6-gcc62-opt/bin/../libexec/gcc/x86_64-pc-linux-gnu/6.2.0/liblto_plugin.so -plugin-opt=/cvmfs/sft.cern.ch/lcg/releases/gcc/6.2.0-2bc78/x86_64-slc6-gcc62-opt/bin/../libexec/gcc/x86_64-pc-linux-gnu/6.2.0/lto-wrapper -plugin-opt=-fresolution=/tmp/cczbjgwC.res -plugin-opt=-pass-through=-lgcc_s -plugin-opt=-pass-through=-lgcc -plugin-opt=-pass-through=-lquadmath -plugin-opt=-pass-through=-lm -plugin-opt=-pass-through=-lgcc_s -plugin-opt=-pass-through=-lgcc -plugin-opt=-pass-through=-lc -plugin-opt=-pass-through=-lgcc_s -plugin-opt=-pass-through=-lgcc --eh-frame-hdr -m elf_x86_64 -dynamic-linker /lib64/ld-linux-x86-64.so.2 /usr/lib/../lib64/crt1.o /usr/lib/../lib64/crti.o /cvmfs/sft.cern.ch/lcg/releases/gcc/6.2.0-2bc78/x86_64-slc6-gcc62-opt/bin/../lib/gcc/x86_64-pc-linux-gnu/6.2.0/crtbegin.o -L/cvmfs/sft.cern.ch/lcg/releases/gcc/6.2.0-2bc78/x86_64-slc6-gcc62-opt/bin/../lib/gcc/x86_64-pc-linux-gnu/6.2.0 -L/cvmfs/sft.cern.ch/lcg/releases/gcc/6.2.0-2bc78/x86_64-slc6-gcc62-opt/bin/../lib/gcc -L/cvmfs/sft.cern.ch/lcg/releases/gcc/6.2.0-2bc78/x86_64-slc6-gcc62-opt/bin/../lib/gcc/x86_64-pc-linux-gnu/6.2.0/../../../../lib64 -L/lib/../lib64 -L/usr/lib/../lib64 -L/cvmfs/sft.cern.ch/lcg/releases/gcc/6.2.0-2bc78/x86_64-slc6-gcc62-opt/bin/../lib/gcc/x86_64-pc-linux-gnu/6.2.0/../../.. /tmp/ccK40w9R.o -lgfortran -lm -lgcc_s -lgcc -lquadmath -lm -lgcc_s -lgcc -lc -lgcc_s -lgcc /cvmfs/sft.cern.ch/lcg/releases/gcc/6.2.0-2bc78/x86_64-slc6-gcc62-opt/bin/../lib/gcc/x86_64-pc-linux-gnu/6.2.0/crtend.o /usr/lib/../lib64/crtn.o
COLLECT_GCC_OPTIONS='-ffixed-line-length-132' '-D' 'FVOIDP=INTEGER*8' '-v' '-shared-libgcc' '-mtune=generic' '-march=x86-64'


Compilation of the Fortran compiler identification source "CMakeFortranCompilerId.F" produced "a.out"

The Fortran compiler identification is GNU, found in "/hepustc/home/hengli/testarea/AnpWH/build/CMakeFiles/3.11.0/CompilerIdFortran/a.out"

Determining if the Fortran compiler works passed with the following output:
Change Dir: /hepustc/home/hengli/testarea/AnpWH/build/CMakeFiles/CMakeTmp

Run Build Command:"/usr/bin/gmake" "cmTC_f5260/fast"
/usr/bin/gmake -f CMakeFiles/cmTC_f5260.dir/build.make CMakeFiles/cmTC_f5260.dir/build
gmake[1]: Entering directory `/hepustc/home/hengli/testarea/AnpWH/build/CMakeFiles/CMakeTmp'
Building Fortran object CMakeFiles/cmTC_f5260.dir/testFortranCompiler.f.o
/cvmfs/sft.cern.ch/lcg/releases/gcc/6.2.0-2bc78/x86_64-slc6-gcc62-opt/bin/gfortran   -ffixed-line-length-132 -DFVOIDP=INTEGER*8    -c /hepustc/home/hengli/testarea/AnpWH/build/CMakeFiles/CMakeTmp/testFortranCompiler.f -o CMakeFiles/cmTC_f5260.dir/testFortranCompiler.f.o
Linking Fortran executable cmTC_f5260
/cvmfs/atlas.cern.ch/repo/ATLASLocalRootBase/x86_64/Cmake/3.11.0/Linux-x86_64/bin/cmake -E cmake_link_script CMakeFiles/cmTC_f5260.dir/link.txt --verbose=1
/cvmfs/sft.cern.ch/lcg/releases/gcc/6.2.0-2bc78/x86_64-slc6-gcc62-opt/bin/gfortran   -Wl,--as-needed -Wl,--hash-style=both   -ffixed-line-length-132 -DFVOIDP=INTEGER*8  CMakeFiles/cmTC_f5260.dir/testFortranCompiler.f.o  -o cmTC_f5260 
gmake[1]: Leaving directory `/hepustc/home/hengli/testarea/AnpWH/build/CMakeFiles/CMakeTmp'


Detecting Fortran compiler ABI info compiled with the following output:
Change Dir: /hepustc/home/hengli/testarea/AnpWH/build/CMakeFiles/CMakeTmp

Run Build Command:"/usr/bin/gmake" "cmTC_9b0e2/fast"
/usr/bin/gmake -f CMakeFiles/cmTC_9b0e2.dir/build.make CMakeFiles/cmTC_9b0e2.dir/build
gmake[1]: Entering directory `/hepustc/home/hengli/testarea/AnpWH/build/CMakeFiles/CMakeTmp'
Building Fortran object CMakeFiles/cmTC_9b0e2.dir/CMakeFortranCompilerABI.F.o
/cvmfs/sft.cern.ch/lcg/releases/gcc/6.2.0-2bc78/x86_64-slc6-gcc62-opt/bin/gfortran   -ffixed-line-length-132 -DFVOIDP=INTEGER*8    -c /cvmfs/atlas.cern.ch/repo/ATLASLocalRootBase/x86_64/Cmake/3.11.0/Linux-x86_64/share/cmake-3.11/Modules/CMakeFortranCompilerABI.F -o CMakeFiles/cmTC_9b0e2.dir/CMakeFortranCompilerABI.F.o
Linking Fortran executable cmTC_9b0e2
/cvmfs/atlas.cern.ch/repo/ATLASLocalRootBase/x86_64/Cmake/3.11.0/Linux-x86_64/bin/cmake -E cmake_link_script CMakeFiles/cmTC_9b0e2.dir/link.txt --verbose=1
/cvmfs/sft.cern.ch/lcg/releases/gcc/6.2.0-2bc78/x86_64-slc6-gcc62-opt/bin/gfortran   -Wl,--as-needed -Wl,--hash-style=both -v  -ffixed-line-length-132 -DFVOIDP=INTEGER*8  CMakeFiles/cmTC_9b0e2.dir/CMakeFortranCompilerABI.F.o  -o cmTC_9b0e2 
Driving: /cvmfs/sft.cern.ch/lcg/releases/gcc/6.2.0-2bc78/x86_64-slc6-gcc62-opt/bin/gfortran -Wl,--as-needed -Wl,--hash-style=both -v -ffixed-line-length-132 -DFVOIDP=INTEGER*8 CMakeFiles/cmTC_9b0e2.dir/CMakeFortranCompilerABI.F.o -o cmTC_9b0e2 -l gfortran -l m -shared-libgcc
Using built-in specs.
COLLECT_GCC=/cvmfs/sft.cern.ch/lcg/releases/gcc/6.2.0-2bc78/x86_64-slc6-gcc62-opt/bin/gfortran
COLLECT_LTO_WRAPPER=/cvmfs/sft.cern.ch/lcg/releases/gcc/6.2.0-2bc78/x86_64-slc6-gcc62-opt/bin/../libexec/gcc/x86_64-pc-linux-gnu/6.2.0/lto-wrapper
Target: x86_64-pc-linux-gnu
Configured with: /mnt/build/jenkins/workspace/lcg_contrib_release/LABEL/slc6/build/contrib/gcc-6.2.0/src/gcc/6.2.0/configure --prefix=/build/jenkins/workspace/lcg_contrib_release/LABEL/slc6/install/gcc/6.2.0/x86_64-slc6-gcc62-opt -with-system-zlib --disable-multilib --enable-languages=all --with-gnu-ld --with-ld=/build/jenkins/workspace/lcg_contrib_release/LABEL/slc6/install/binutils/2.28/x86_64-slc6-gcc62-opt/bin/ld --with-gnu-as --with-as=/build/jenkins/workspace/lcg_contrib_release/LABEL/slc6/install/binutils/2.28/x86_64-slc6-gcc62-opt/bin/as
Thread model: posix
gcc version 6.2.0 (GCC) 
Reading specs from /cvmfs/sft.cern.ch/lcg/releases/gcc/6.2.0-2bc78/x86_64-slc6-gcc62-opt/bin/../lib/gcc/x86_64-pc-linux-gnu/6.2.0/../../../../lib64/libgfortran.spec
rename spec lib to liborig
COLLECT_GCC_OPTIONS='-v' '-ffixed-line-length-132' '-D' 'FVOIDP=INTEGER*8' '-o' 'cmTC_9b0e2' '-shared-libgcc' '-mtune=generic' '-march=x86-64'
COMPILER_PATH=/cvmfs/sft.cern.ch/lcg/releases/gcc/6.2.0-2bc78/x86_64-slc6-gcc62-opt/bin/../libexec/gcc/x86_64-pc-linux-gnu/6.2.0/:/cvmfs/sft.cern.ch/lcg/releases/gcc/6.2.0-2bc78/x86_64-slc6-gcc62-opt/bin/../libexec/gcc/:/cvmfs/sft.cern.ch/lcg/releases/gcc/6.2.0-2bc78/x86_64-slc6-gcc62-opt/lib/gcc/x86_64-pc-linux-gnu/6.2.0/
LIBRARY_PATH=/cvmfs/sft.cern.ch/lcg/releases/gcc/6.2.0-2bc78/x86_64-slc6-gcc62-opt/bin/../lib/gcc/x86_64-pc-linux-gnu/6.2.0/:/cvmfs/sft.cern.ch/lcg/releases/gcc/6.2.0-2bc78/x86_64-slc6-gcc62-opt/bin/../lib/gcc/:/cvmfs/sft.cern.ch/lcg/releases/gcc/6.2.0-2bc78/x86_64-slc6-gcc62-opt/bin/../lib/gcc/x86_64-pc-linux-gnu/6.2.0/../../../../lib64/:/lib/../lib64/:/usr/lib/../lib64/:/cvmfs/sft.cern.ch/lcg/releases/gcc/6.2.0-2bc78/x86_64-slc6-gcc62-opt/bin/../lib/gcc/x86_64-pc-linux-gnu/6.2.0/../../../:/lib/:/usr/lib/
COLLECT_GCC_OPTIONS='-v' '-ffixed-line-length-132' '-D' 'FVOIDP=INTEGER*8' '-o' 'cmTC_9b0e2' '-shared-libgcc' '-mtune=generic' '-march=x86-64'
 /cvmfs/sft.cern.ch/lcg/releases/gcc/6.2.0-2bc78/x86_64-slc6-gcc62-opt/bin/../libexec/gcc/x86_64-pc-linux-gnu/6.2.0/collect2 -plugin /cvmfs/sft.cern.ch/lcg/releases/gcc/6.2.0-2bc78/x86_64-slc6-gcc62-opt/bin/../libexec/gcc/x86_64-pc-linux-gnu/6.2.0/liblto_plugin.so -plugin-opt=/cvmfs/sft.cern.ch/lcg/releases/gcc/6.2.0-2bc78/x86_64-slc6-gcc62-opt/bin/../libexec/gcc/x86_64-pc-linux-gnu/6.2.0/lto-wrapper -plugin-opt=-fresolution=/tmp/ccwNttGy.res -plugin-opt=-pass-through=-lgcc_s -plugin-opt=-pass-through=-lgcc -plugin-opt=-pass-through=-lquadmath -plugin-opt=-pass-through=-lm -plugin-opt=-pass-through=-lgcc_s -plugin-opt=-pass-through=-lgcc -plugin-opt=-pass-through=-lc -plugin-opt=-pass-through=-lgcc_s -plugin-opt=-pass-through=-lgcc --eh-frame-hdr -m elf_x86_64 -dynamic-linker /lib64/ld-linux-x86-64.so.2 -o cmTC_9b0e2 /usr/lib/../lib64/crt1.o /usr/lib/../lib64/crti.o /cvmfs/sft.cern.ch/lcg/releases/gcc/6.2.0-2bc78/x86_64-slc6-gcc62-opt/bin/../lib/gcc/x86_64-pc-linux-gnu/6.2.0/crtbegin.o -L/cvmfs/sft.cern.ch/lcg/releases/gcc/6.2.0-2bc78/x86_64-slc6-gcc62-opt/bin/../lib/gcc/x86_64-pc-linux-gnu/6.2.0 -L/cvmfs/sft.cern.ch/lcg/releases/gcc/6.2.0-2bc78/x86_64-slc6-gcc62-opt/bin/../lib/gcc -L/cvmfs/sft.cern.ch/lcg/releases/gcc/6.2.0-2bc78/x86_64-slc6-gcc62-opt/bin/../lib/gcc/x86_64-pc-linux-gnu/6.2.0/../../../../lib64 -L/lib/../lib64 -L/usr/lib/../lib64 -L/cvmfs/sft.cern.ch/lcg/releases/gcc/6.2.0-2bc78/x86_64-slc6-gcc62-opt/bin/../lib/gcc/x86_64-pc-linux-gnu/6.2.0/../../.. --as-needed --hash-style=both CMakeFiles/cmTC_9b0e2.dir/CMakeFortranCompilerABI.F.o -lgfortran -lm -lgcc_s -lgcc -lquadmath -lm -lgcc_s -lgcc -lc -lgcc_s -lgcc /cvmfs/sft.cern.ch/lcg/releases/gcc/6.2.0-2bc78/x86_64-slc6-gcc62-opt/bin/../lib/gcc/x86_64-pc-linux-gnu/6.2.0/crtend.o /usr/lib/../lib64/crtn.o
COLLECT_GCC_OPTIONS='-v' '-ffixed-line-length-132' '-D' 'FVOIDP=INTEGER*8' '-o' 'cmTC_9b0e2' '-shared-libgcc' '-mtune=generic' '-march=x86-64'
gmake[1]: Leaving directory `/hepustc/home/hengli/testarea/AnpWH/build/CMakeFiles/CMakeTmp'


Parsed Fortran implicit link information from above output:
  link line regex: [^( *|.*[/\])(ld|CMAKE_LINK_STARTFILE-NOTFOUND|([^/\]+-)?ld|collect2)[^/\]*( |$)]
  ignore line: [Change Dir: /hepustc/home/hengli/testarea/AnpWH/build/CMakeFiles/CMakeTmp]
  ignore line: []
  ignore line: [Run Build Command:"/usr/bin/gmake" "cmTC_9b0e2/fast"]
  ignore line: [/usr/bin/gmake -f CMakeFiles/cmTC_9b0e2.dir/build.make CMakeFiles/cmTC_9b0e2.dir/build]
  ignore line: [gmake[1]: Entering directory `/hepustc/home/hengli/testarea/AnpWH/build/CMakeFiles/CMakeTmp']
  ignore line: [Building Fortran object CMakeFiles/cmTC_9b0e2.dir/CMakeFortranCompilerABI.F.o]
  ignore line: [/cvmfs/sft.cern.ch/lcg/releases/gcc/6.2.0-2bc78/x86_64-slc6-gcc62-opt/bin/gfortran   -ffixed-line-length-132 -DFVOIDP=INTEGER*8    -c /cvmfs/atlas.cern.ch/repo/ATLASLocalRootBase/x86_64/Cmake/3.11.0/Linux-x86_64/share/cmake-3.11/Modules/CMakeFortranCompilerABI.F -o CMakeFiles/cmTC_9b0e2.dir/CMakeFortranCompilerABI.F.o]
  ignore line: [Linking Fortran executable cmTC_9b0e2]
  ignore line: [/cvmfs/atlas.cern.ch/repo/ATLASLocalRootBase/x86_64/Cmake/3.11.0/Linux-x86_64/bin/cmake -E cmake_link_script CMakeFiles/cmTC_9b0e2.dir/link.txt --verbose=1]
  ignore line: [/cvmfs/sft.cern.ch/lcg/releases/gcc/6.2.0-2bc78/x86_64-slc6-gcc62-opt/bin/gfortran   -Wl,--as-needed -Wl,--hash-style=both -v  -ffixed-line-length-132 -DFVOIDP=INTEGER*8  CMakeFiles/cmTC_9b0e2.dir/CMakeFortranCompilerABI.F.o  -o cmTC_9b0e2 ]
  ignore line: [Driving: /cvmfs/sft.cern.ch/lcg/releases/gcc/6.2.0-2bc78/x86_64-slc6-gcc62-opt/bin/gfortran -Wl,--as-needed -Wl,--hash-style=both -v -ffixed-line-length-132 -DFVOIDP=INTEGER*8 CMakeFiles/cmTC_9b0e2.dir/CMakeFortranCompilerABI.F.o -o cmTC_9b0e2 -l gfortran -l m -shared-libgcc]
  ignore line: [Using built-in specs.]
  ignore line: [COLLECT_GCC=/cvmfs/sft.cern.ch/lcg/releases/gcc/6.2.0-2bc78/x86_64-slc6-gcc62-opt/bin/gfortran]
  ignore line: [COLLECT_LTO_WRAPPER=/cvmfs/sft.cern.ch/lcg/releases/gcc/6.2.0-2bc78/x86_64-slc6-gcc62-opt/bin/../libexec/gcc/x86_64-pc-linux-gnu/6.2.0/lto-wrapper]
  ignore line: [Target: x86_64-pc-linux-gnu]
  ignore line: [Configured with: /mnt/build/jenkins/workspace/lcg_contrib_release/LABEL/slc6/build/contrib/gcc-6.2.0/src/gcc/6.2.0/configure --prefix=/build/jenkins/workspace/lcg_contrib_release/LABEL/slc6/install/gcc/6.2.0/x86_64-slc6-gcc62-opt -with-system-zlib --disable-multilib --enable-languages=all --with-gnu-ld --with-ld=/build/jenkins/workspace/lcg_contrib_release/LABEL/slc6/install/binutils/2.28/x86_64-slc6-gcc62-opt/bin/ld --with-gnu-as --with-as=/build/jenkins/workspace/lcg_contrib_release/LABEL/slc6/install/binutils/2.28/x86_64-slc6-gcc62-opt/bin/as]
  ignore line: [Thread model: posix]
  ignore line: [gcc version 6.2.0 (GCC) ]
  ignore line: [Reading specs from /cvmfs/sft.cern.ch/lcg/releases/gcc/6.2.0-2bc78/x86_64-slc6-gcc62-opt/bin/../lib/gcc/x86_64-pc-linux-gnu/6.2.0/../../../../lib64/libgfortran.spec]
  ignore line: [rename spec lib to liborig]
  ignore line: [COLLECT_GCC_OPTIONS='-v' '-ffixed-line-length-132' '-D' 'FVOIDP=INTEGER*8' '-o' 'cmTC_9b0e2' '-shared-libgcc' '-mtune=generic' '-march=x86-64']
  ignore line: [COMPILER_PATH=/cvmfs/sft.cern.ch/lcg/releases/gcc/6.2.0-2bc78/x86_64-slc6-gcc62-opt/bin/../libexec/gcc/x86_64-pc-linux-gnu/6.2.0/:/cvmfs/sft.cern.ch/lcg/releases/gcc/6.2.0-2bc78/x86_64-slc6-gcc62-opt/bin/../libexec/gcc/:/cvmfs/sft.cern.ch/lcg/releases/gcc/6.2.0-2bc78/x86_64-slc6-gcc62-opt/lib/gcc/x86_64-pc-linux-gnu/6.2.0/]
  ignore line: [LIBRARY_PATH=/cvmfs/sft.cern.ch/lcg/releases/gcc/6.2.0-2bc78/x86_64-slc6-gcc62-opt/bin/../lib/gcc/x86_64-pc-linux-gnu/6.2.0/:/cvmfs/sft.cern.ch/lcg/releases/gcc/6.2.0-2bc78/x86_64-slc6-gcc62-opt/bin/../lib/gcc/:/cvmfs/sft.cern.ch/lcg/releases/gcc/6.2.0-2bc78/x86_64-slc6-gcc62-opt/bin/../lib/gcc/x86_64-pc-linux-gnu/6.2.0/../../../../lib64/:/lib/../lib64/:/usr/lib/../lib64/:/cvmfs/sft.cern.ch/lcg/releases/gcc/6.2.0-2bc78/x86_64-slc6-gcc62-opt/bin/../lib/gcc/x86_64-pc-linux-gnu/6.2.0/../../../:/lib/:/usr/lib/]
  ignore line: [COLLECT_GCC_OPTIONS='-v' '-ffixed-line-length-132' '-D' 'FVOIDP=INTEGER*8' '-o' 'cmTC_9b0e2' '-shared-libgcc' '-mtune=generic' '-march=x86-64']
  link line: [ /cvmfs/sft.cern.ch/lcg/releases/gcc/6.2.0-2bc78/x86_64-slc6-gcc62-opt/bin/../libexec/gcc/x86_64-pc-linux-gnu/6.2.0/collect2 -plugin /cvmfs/sft.cern.ch/lcg/releases/gcc/6.2.0-2bc78/x86_64-slc6-gcc62-opt/bin/../libexec/gcc/x86_64-pc-linux-gnu/6.2.0/liblto_plugin.so -plugin-opt=/cvmfs/sft.cern.ch/lcg/releases/gcc/6.2.0-2bc78/x86_64-slc6-gcc62-opt/bin/../libexec/gcc/x86_64-pc-linux-gnu/6.2.0/lto-wrapper -plugin-opt=-fresolution=/tmp/ccwNttGy.res -plugin-opt=-pass-through=-lgcc_s -plugin-opt=-pass-through=-lgcc -plugin-opt=-pass-through=-lquadmath -plugin-opt=-pass-through=-lm -plugin-opt=-pass-through=-lgcc_s -plugin-opt=-pass-through=-lgcc -plugin-opt=-pass-through=-lc -plugin-opt=-pass-through=-lgcc_s -plugin-opt=-pass-through=-lgcc --eh-frame-hdr -m elf_x86_64 -dynamic-linker /lib64/ld-linux-x86-64.so.2 -o cmTC_9b0e2 /usr/lib/../lib64/crt1.o /usr/lib/../lib64/crti.o /cvmfs/sft.cern.ch/lcg/releases/gcc/6.2.0-2bc78/x86_64-slc6-gcc62-opt/bin/../lib/gcc/x86_64-pc-linux-gnu/6.2.0/crtbegin.o -L/cvmfs/sft.cern.ch/lcg/releases/gcc/6.2.0-2bc78/x86_64-slc6-gcc62-opt/bin/../lib/gcc/x86_64-pc-linux-gnu/6.2.0 -L/cvmfs/sft.cern.ch/lcg/releases/gcc/6.2.0-2bc78/x86_64-slc6-gcc62-opt/bin/../lib/gcc -L/cvmfs/sft.cern.ch/lcg/releases/gcc/6.2.0-2bc78/x86_64-slc6-gcc62-opt/bin/../lib/gcc/x86_64-pc-linux-gnu/6.2.0/../../../../lib64 -L/lib/../lib64 -L/usr/lib/../lib64 -L/cvmfs/sft.cern.ch/lcg/releases/gcc/6.2.0-2bc78/x86_64-slc6-gcc62-opt/bin/../lib/gcc/x86_64-pc-linux-gnu/6.2.0/../../.. --as-needed --hash-style=both CMakeFiles/cmTC_9b0e2.dir/CMakeFortranCompilerABI.F.o -lgfortran -lm -lgcc_s -lgcc -lquadmath -lm -lgcc_s -lgcc -lc -lgcc_s -lgcc /cvmfs/sft.cern.ch/lcg/releases/gcc/6.2.0-2bc78/x86_64-slc6-gcc62-opt/bin/../lib/gcc/x86_64-pc-linux-gnu/6.2.0/crtend.o /usr/lib/../lib64/crtn.o]
    arg [/cvmfs/sft.cern.ch/lcg/releases/gcc/6.2.0-2bc78/x86_64-slc6-gcc62-opt/bin/../libexec/gcc/x86_64-pc-linux-gnu/6.2.0/collect2] ==> ignore
    arg [-plugin] ==> ignore
    arg [/cvmfs/sft.cern.ch/lcg/releases/gcc/6.2.0-2bc78/x86_64-slc6-gcc62-opt/bin/../libexec/gcc/x86_64-pc-linux-gnu/6.2.0/liblto_plugin.so] ==> ignore
    arg [-plugin-opt=/cvmfs/sft.cern.ch/lcg/releases/gcc/6.2.0-2bc78/x86_64-slc6-gcc62-opt/bin/../libexec/gcc/x86_64-pc-linux-gnu/6.2.0/lto-wrapper] ==> ignore
    arg [-plugin-opt=-fresolution=/tmp/ccwNttGy.res] ==> ignore
    arg [-plugin-opt=-pass-through=-lgcc_s] ==> ignore
    arg [-plugin-opt=-pass-through=-lgcc] ==> ignore
    arg [-plugin-opt=-pass-through=-lquadmath] ==> ignore
    arg [-plugin-opt=-pass-through=-lm] ==> ignore
    arg [-plugin-opt=-pass-through=-lgcc_s] ==> ignore
    arg [-plugin-opt=-pass-through=-lgcc] ==> ignore
    arg [-plugin-opt=-pass-through=-lc] ==> ignore
    arg [-plugin-opt=-pass-through=-lgcc_s] ==> ignore
    arg [-plugin-opt=-pass-through=-lgcc] ==> ignore
    arg [--eh-frame-hdr] ==> ignore
    arg [-m] ==> ignore
    arg [elf_x86_64] ==> ignore
    arg [-dynamic-linker] ==> ignore
    arg [/lib64/ld-linux-x86-64.so.2] ==> ignore
    arg [-o] ==> ignore
    arg [cmTC_9b0e2] ==> ignore
    arg [/usr/lib/../lib64/crt1.o] ==> ignore
    arg [/usr/lib/../lib64/crti.o] ==> ignore
    arg [/cvmfs/sft.cern.ch/lcg/releases/gcc/6.2.0-2bc78/x86_64-slc6-gcc62-opt/bin/../lib/gcc/x86_64-pc-linux-gnu/6.2.0/crtbegin.o] ==> ignore
    arg [-L/cvmfs/sft.cern.ch/lcg/releases/gcc/6.2.0-2bc78/x86_64-slc6-gcc62-opt/bin/../lib/gcc/x86_64-pc-linux-gnu/6.2.0] ==> dir [/cvmfs/sft.cern.ch/lcg/releases/gcc/6.2.0-2bc78/x86_64-slc6-gcc62-opt/bin/../lib/gcc/x86_64-pc-linux-gnu/6.2.0]
    arg [-L/cvmfs/sft.cern.ch/lcg/releases/gcc/6.2.0-2bc78/x86_64-slc6-gcc62-opt/bin/../lib/gcc] ==> dir [/cvmfs/sft.cern.ch/lcg/releases/gcc/6.2.0-2bc78/x86_64-slc6-gcc62-opt/bin/../lib/gcc]
    arg [-L/cvmfs/sft.cern.ch/lcg/releases/gcc/6.2.0-2bc78/x86_64-slc6-gcc62-opt/bin/../lib/gcc/x86_64-pc-linux-gnu/6.2.0/../../../../lib64] ==> dir [/cvmfs/sft.cern.ch/lcg/releases/gcc/6.2.0-2bc78/x86_64-slc6-gcc62-opt/bin/../lib/gcc/x86_64-pc-linux-gnu/6.2.0/../../../../lib64]
    arg [-L/lib/../lib64] ==> dir [/lib/../lib64]
    arg [-L/usr/lib/../lib64] ==> dir [/usr/lib/../lib64]
    arg [-L/cvmfs/sft.cern.ch/lcg/releases/gcc/6.2.0-2bc78/x86_64-slc6-gcc62-opt/bin/../lib/gcc/x86_64-pc-linux-gnu/6.2.0/../../..] ==> dir [/cvmfs/sft.cern.ch/lcg/releases/gcc/6.2.0-2bc78/x86_64-slc6-gcc62-opt/bin/../lib/gcc/x86_64-pc-linux-gnu/6.2.0/../../..]
    arg [--as-needed] ==> ignore
    arg [--hash-style=both] ==> ignore
    arg [CMakeFiles/cmTC_9b0e2.dir/CMakeFortranCompilerABI.F.o] ==> ignore
    arg [-lgfortran] ==> lib [gfortran]
    arg [-lm] ==> lib [m]
    arg [-lgcc_s] ==> lib [gcc_s]
    arg [-lgcc] ==> lib [gcc]
    arg [-lquadmath] ==> lib [quadmath]
    arg [-lm] ==> lib [m]
    arg [-lgcc_s] ==> lib [gcc_s]
    arg [-lgcc] ==> lib [gcc]
    arg [-lc] ==> lib [c]
    arg [-lgcc_s] ==> lib [gcc_s]
    arg [-lgcc] ==> lib [gcc]
    arg [/cvmfs/sft.cern.ch/lcg/releases/gcc/6.2.0-2bc78/x86_64-slc6-gcc62-opt/bin/../lib/gcc/x86_64-pc-linux-gnu/6.2.0/crtend.o] ==> ignore
    arg [/usr/lib/../lib64/crtn.o] ==> ignore
  collapse library dir [/cvmfs/sft.cern.ch/lcg/releases/gcc/6.2.0-2bc78/x86_64-slc6-gcc62-opt/bin/../lib/gcc/x86_64-pc-linux-gnu/6.2.0] ==> [/cvmfs/sft.cern.ch/lcg/releases/gcc/6.2.0-2bc78/x86_64-slc6-gcc62-opt/lib/gcc/x86_64-pc-linux-gnu/6.2.0]
  collapse library dir [/cvmfs/sft.cern.ch/lcg/releases/gcc/6.2.0-2bc78/x86_64-slc6-gcc62-opt/bin/../lib/gcc] ==> [/cvmfs/sft.cern.ch/lcg/releases/gcc/6.2.0-2bc78/x86_64-slc6-gcc62-opt/lib/gcc]
  collapse library dir [/cvmfs/sft.cern.ch/lcg/releases/gcc/6.2.0-2bc78/x86_64-slc6-gcc62-opt/bin/../lib/gcc/x86_64-pc-linux-gnu/6.2.0/../../../../lib64] ==> [/cvmfs/sft.cern.ch/lcg/releases/gcc/6.2.0-2bc78/x86_64-slc6-gcc62-opt/lib64]
  collapse library dir [/lib/../lib64] ==> [/lib64]
  collapse library dir [/usr/lib/../lib64] ==> [/usr/lib64]
  collapse library dir [/cvmfs/sft.cern.ch/lcg/releases/gcc/6.2.0-2bc78/x86_64-slc6-gcc62-opt/bin/../lib/gcc/x86_64-pc-linux-gnu/6.2.0/../../..] ==> [/cvmfs/sft.cern.ch/lcg/releases/gcc/6.2.0-2bc78/x86_64-slc6-gcc62-opt/lib]
  implicit libs: [gfortran;m;gcc_s;gcc;quadmath;m;gcc_s;gcc;c;gcc_s;gcc]
  implicit dirs: [/cvmfs/sft.cern.ch/lcg/releases/gcc/6.2.0-2bc78/x86_64-slc6-gcc62-opt/lib/gcc/x86_64-pc-linux-gnu/6.2.0;/cvmfs/sft.cern.ch/lcg/releases/gcc/6.2.0-2bc78/x86_64-slc6-gcc62-opt/lib/gcc;/cvmfs/sft.cern.ch/lcg/releases/gcc/6.2.0-2bc78/x86_64-slc6-gcc62-opt/lib64;/lib64;/usr/lib64;/cvmfs/sft.cern.ch/lcg/releases/gcc/6.2.0-2bc78/x86_64-slc6-gcc62-opt/lib]
  implicit fwks: []


Determining if the Fortran compiler supports Fortran 90 passed with the following output:
Change Dir: /hepustc/home/hengli/testarea/AnpWH/build/CMakeFiles/CMakeTmp

Run Build Command:"/usr/bin/gmake" "cmTC_6d2b9/fast"
/usr/bin/gmake -f CMakeFiles/cmTC_6d2b9.dir/build.make CMakeFiles/cmTC_6d2b9.dir/build
gmake[1]: Entering directory `/hepustc/home/hengli/testarea/AnpWH/build/CMakeFiles/CMakeTmp'
Building Fortran object CMakeFiles/cmTC_6d2b9.dir/testFortranCompilerF90.f90.o
/cvmfs/sft.cern.ch/lcg/releases/gcc/6.2.0-2bc78/x86_64-slc6-gcc62-opt/bin/gfortran   -ffixed-line-length-132 -DFVOIDP=INTEGER*8    -c /hepustc/home/hengli/testarea/AnpWH/build/CMakeFiles/CMakeTmp/testFortranCompilerF90.f90 -o CMakeFiles/cmTC_6d2b9.dir/testFortranCompilerF90.f90.o
Linking Fortran executable cmTC_6d2b9
/cvmfs/atlas.cern.ch/repo/ATLASLocalRootBase/x86_64/Cmake/3.11.0/Linux-x86_64/bin/cmake -E cmake_link_script CMakeFiles/cmTC_6d2b9.dir/link.txt --verbose=1
/cvmfs/sft.cern.ch/lcg/releases/gcc/6.2.0-2bc78/x86_64-slc6-gcc62-opt/bin/gfortran   -Wl,--as-needed -Wl,--hash-style=both   -ffixed-line-length-132 -DFVOIDP=INTEGER*8  CMakeFiles/cmTC_6d2b9.dir/testFortranCompilerF90.f90.o  -o cmTC_6d2b9 
gmake[1]: Leaving directory `/hepustc/home/hengli/testarea/AnpWH/build/CMakeFiles/CMakeTmp'


